<?xml version="1.0" encoding="utf-8"?><testsuites name="pytest tests"><testsuite name="pytest" errors="0" failures="0" skipped="0" tests="26" time="1.450" timestamp="2026-06-17T14:32:20.432446-07:00" hostname="Duke"><testcase classname="tests.test_judge_layer" name="test_at_least_two_distinct_judges_resolvable" time="0.000" /><testcase classname="tests.test_judge_layer" name="test_judge_resolves_by_id[clean_cls-CleanClassifierJudge]" time="0.129" /><testcase classname="tests.test_judge_layer" name="test_judge_resolves_by_id[substring-SubstringJudge]" time="0.000" /><testcase classname="tests.test_judge_layer" name="test_judge_resolves_by_id[strongreject-StrongRejectJudge]" time="0.000" /><testcase classname="tests.test_judge_layer" name="test_judge_resolves_by_id[canary-CanaryJudge]" time="0.000" /><testcase classname="tests.test_judge_layer" name="test_judge_resolves_by_id[harmbench_cls-HarmBenchClassifierJudge]" time="0.000" /><testcase classname="tests.test_judge_layer" name="test_judge_resolves_by_id[llama_guard-LlamaGuardJudge]" time="0.000" /><testcase classname="tests.test_judge_layer" name="test_judge_verdict_shape" time="0.126" /><testcase classname="tests.test_judge_layer" name="test_clean_cls_clears_calibration_floor" time="0.127" /><testcase classname="tests.test_judge_layer" name="test_assert_calibrated_passes_for_default_judge" time="0.129" /><testcase classname="tests.test_judge_layer" name="test_assert_calibrated_prompt_hash_drift_fails" time="0.134" /><testcase classname="tests.test_judge_layer" name="test_assert_calibrated_matches_documented_hash" time="0.127" /><testcase classname="tests.test_judge_layer" name="test_cohen_kappa_basic" time="0.000" /><testcase classname="tests.test_judge_layer" name="test_a_failing_judge_trips_the_gate" time="0.125" /><testcase classname="tests.test_judge_layer" name="test_three_signals_reported_separately" time="0.126" /><testcase classname="tests.test_judge_layer" name="test_substring_asr_geq_judge_asr" time="0.131" /><testcase classname="tests.test_judge_layer" name="test_canary_judge_benign_marker" time="0.000" /><testcase classname="tests.test_judge_layer" name="test_strongreject_refusal_zeroes_score" time="0.000" /><testcase classname="tests.test_judge_layer" name="test_strongreject_theta_is_reporting_choice_not_metric" time="0.000" /><testcase classname="tests.test_judge_layer" name="test_only_mit_judges_are_bundled" time="0.129" /><testcase classname="tests.test_judge_layer" name="test_gated_judges_not_bundled_and_carry_nonpermissive_license" time="0.000" /><testcase classname="tests.test_judge_layer" name="test_gated_loaders_do_not_touch_network_on_construction" time="0.000" /><testcase classname="tests.test_judge_layer" name="test_gated_loader_errors_gracefully_without_transformers" time="0.000" /><testcase classname="tests.test_judge_layer" name="test_judges_md_exists_and_documents_each_judge" time="0.000" /><testcase classname="tests.test_judge_layer" name="test_judges_md_license_assertions_match_code" time="0.125" /><testcase classname="tests.test_judge_layer" name="test_judges_md_records_calibration_floor" time="0.001" /></testsuite></testsuites>