<?xml version="1.0" encoding="utf-8"?><testsuites name="pytest tests"><testsuite name="pytest" errors="0" failures="0" skipped="11" tests="1394" time="159.123" timestamp="2026-06-17T14:32:28.244977-07:00" hostname="Duke"><testcase classname="tests.test_action_assets" name="test_action_yml_parses_and_is_composite" time="0.012" /><testcase classname="tests.test_action_assets" name="test_action_declares_expected_inputs" time="0.012" /><testcase classname="tests.test_action_assets" name="test_action_declares_expected_outputs" time="0.010" /><testcase classname="tests.test_action_assets" name="test_action_maps_inputs_into_env" time="0.011" /><testcase classname="tests.test_action_assets" name="test_action_uploads_sarif_and_enforces_gate" time="0.010" /><testcase classname="tests.test_action_assets" name="test_ci_workflow_runs_pytest_and_lints_entrypoint" time="0.009" /><testcase classname="tests.test_action_assets" name="test_self_scan_workflow_uses_local_action_and_grants_security_events" time="0.011" /><testcase classname="tests.test_action_assets" name="test_self_scan_has_pass_and_gate_demos" time="0.009" /><testcase classname="tests.test_action_assets" name="test_dockerfile_installs_injectkit_and_sets_entrypoint" time="0.001" /><testcase classname="tests.test_action_assets" name="test_entrypoint_is_present_and_has_authorized_notice" time="0.002" /><testcase classname="tests.test_action_assets" name="test_mock_endpoint_vulnerable_echoes_marker_and_leaks_system" time="0.003" /><testcase classname="tests.test_action_assets" name="test_mock_endpoint_secure_refuses" time="0.003" /><testcase classname="tests.test_action_assets" name="test_mock_endpoint_extract_messages" time="0.002" /><testcase classname="tests.test_action_entrypoint" name="test_builds_full_arg_vector" time="0.001"><skipped type="pytest.skip" message="windows system32 wsl bash launcher cannot resolve the windows entrypoint path">C:\Users\dukot\injectkit\tests\test_action_entrypoint.py:166: windows system32 wsl bash launcher cannot resolve the windows entrypoint path</skipped></testcase><testcase classname="tests.test_action_entrypoint" name="test_skips_empty_and_false_inputs" time="0.001"><skipped type="pytest.skip" message="windows system32 wsl bash launcher cannot resolve the windows entrypoint path">C:\Users\dukot\injectkit\tests\test_action_entrypoint.py:206: windows system32 wsl bash launcher cannot resolve the windows entrypoint path</skipped></testcase><testcase classname="tests.test_action_entrypoint" name="test_techniques_split_and_trimmed" time="0.001"><skipped type="pytest.skip" message="windows system32 wsl bash launcher cannot resolve the windows entrypoint path">C:\Users\dukot\injectkit\tests\test_action_entrypoint.py:233: windows system32 wsl bash launcher cannot resolve the windows entrypoint path</skipped></testcase><testcase classname="tests.test_action_entrypoint" name="test_config_input_passed_through" time="0.001"><skipped type="pytest.skip" message="windows system32 wsl bash launcher cannot resolve the windows entrypoint path">C:\Users\dukot\injectkit\tests\test_action_entrypoint.py:249: windows system32 wsl bash launcher cannot resolve the windows entrypoint path</skipped></testcase><testcase classname="tests.test_action_entrypoint" name="test_passing_scan_publishes_outputs" time="0.000"><skipped type="pytest.skip" message="windows system32 wsl bash launcher cannot resolve the windows entrypoint path">C:\Users\dukot\injectkit\tests\test_action_entrypoint.py:264: windows system32 wsl bash launcher cannot resolve the windows entrypoint path</skipped></testcase><testcase classname="tests.test_action_entrypoint" name="test_failing_scan_surfaces_code_but_script_exits_zero" time="0.000"><skipped type="pytest.skip" message="windows system32 wsl bash launcher cannot resolve the windows entrypoint path">C:\Users\dukot\injectkit\tests\test_action_entrypoint.py:281: windows system32 wsl bash launcher cannot resolve the windows entrypoint path</skipped></testcase><testcase classname="tests.test_action_entrypoint" name="test_sarif_report_parsed_and_sarif_path_set" time="0.000"><skipped type="pytest.skip" message="windows system32 wsl bash launcher cannot resolve the windows entrypoint path">C:\Users\dukot\injectkit\tests\test_action_entrypoint.py:308: windows system32 wsl bash launcher cannot resolve the windows entrypoint path</skipped></testcase><testcase classname="tests.test_action_entrypoint" name="test_missing_report_file_degrades_gracefully" time="0.000"><skipped type="pytest.skip" message="windows system32 wsl bash launcher cannot resolve the windows entrypoint path">C:\Users\dukot\injectkit\tests\test_action_entrypoint.py:339: windows system32 wsl bash launcher cannot resolve the windows entrypoint path</skipped></testcase><testcase classname="tests.test_action_entrypoint" name="test_summary_written" time="0.000"><skipped type="pytest.skip" message="windows system32 wsl bash launcher cannot resolve the windows entrypoint path">C:\Users\dukot\injectkit\tests\test_action_entrypoint.py:361: windows system32 wsl bash launcher cannot resolve the windows entrypoint path</skipped></testcase><testcase classname="tests.test_adaptive_attacker" name="test_ensure_canary_passes_through_when_marker_present" time="0.001" /><testcase classname="tests.test_adaptive_attacker" name="test_ensure_canary_renders_leftover_placeholder" time="0.001" /><testcase classname="tests.test_adaptive_attacker" name="test_ensure_canary_reanchors_when_marker_dropped" time="0.001" /><testcase classname="tests.test_adaptive_attacker" name="test_ensure_canary_empty_payload_yields_marker" time="0.001" /><testcase classname="tests.test_adaptive_attacker" name="test_extract_payload_strips_code_fence" time="0.001" /><testcase classname="tests.test_adaptive_attacker" name="test_extract_payload_strips_inline_fence_without_eating_first_word" time="0.001" /><testcase classname="tests.test_adaptive_attacker" name="test_extract_payload_strips_language_tagged_fence" time="0.001" /><testcase classname="tests.test_adaptive_attacker" name="test_extract_payload_strips_label_prefix" time="0.001" /><testcase classname="tests.test_adaptive_attacker" name="test_extract_payload_is_total_on_plain_text" time="0.001" /><testcase classname="tests.test_adaptive_attacker" name="test_refine_attacker_satisfies_protocol" time="0.001" /><testcase classname="tests.test_adaptive_attacker" name="test_ollama_model_satisfies_attacker_model" time="0.001" /><testcase classname="tests.test_adaptive_attacker" name="test_max_rounds_must_be_positive" time="0.001" /><testcase classname="tests.test_adaptive_attacker" name="test_run_succeeds_and_stops_early" time="0.001" /><testcase classname="tests.test_adaptive_attacker" name="test_run_respects_budget_against_clean_target" time="0.001" /><testcase classname="tests.test_adaptive_attacker" name="test_transcript_records_round_numbers_and_candidates" time="0.001" /><testcase classname="tests.test_adaptive_attacker" name="test_each_round_uses_a_fresh_canary" time="0.001" /><testcase classname="tests.test_adaptive_attacker" name="test_feedback_loop_quotes_target_and_refusal" time="0.001" /><testcase classname="tests.test_adaptive_attacker" name="test_system_prompt_is_benign_objective" time="0.001" /><testcase classname="tests.test_adaptive_attacker" name="test_run_against_conversational_target" time="0.001" /><testcase classname="tests.test_adaptive_attacker" name="test_single_shot_target_is_adapted" time="0.001" /><testcase classname="tests.test_adaptive_attacker" name="test_seed_system_prompt_is_passed_to_target" time="0.001" /><testcase classname="tests.test_adaptive_attacker" name="test_raising_model_does_not_abort_run" time="0.001" /><testcase classname="tests.test_adaptive_attacker" name="test_nonstring_model_is_handled" time="0.001" /><testcase classname="tests.test_adaptive_attacker" name="test_raising_target_is_captured" time="0.001" /><testcase classname="tests.test_adaptive_attacker" name="test_defaults_to_heuristic_detector_when_none_passed" time="0.001" /><testcase classname="tests.test_adaptive_attacker" name="test_best_result_prefers_success_over_failure" time="0.001" /><testcase classname="tests.test_adaptive_attacker" name="test_ollama_generate_calls_local_endpoint" time="0.001" /><testcase classname="tests.test_adaptive_attacker" name="test_ollama_generate_returns_empty_on_request_error" time="0.001" /><testcase classname="tests.test_adaptive_attacker" name="test_ollama_generate_raises_attacker_error_when_dep_missing" time="0.001" /><testcase classname="tests.test_adaptive_attacker" name="test_ollama_includes_options_when_set" time="0.001" /><testcase classname="tests.test_anthropic_target" name="test_implements_target_protocol" time="0.001" /><testcase classname="tests.test_anthropic_target" name="test_default_model_and_name" time="0.001" /><testcase classname="tests.test_anthropic_target" name="test_custom_model_and_explicit_name" time="0.001" /><testcase classname="tests.test_anthropic_target" name="test_from_config" time="0.001" /><testcase classname="tests.test_anthropic_target" name="test_from_config_defaults_model_when_unset" time="0.001" /><testcase classname="tests.test_anthropic_target" name="test_send_returns_target_response_with_text" time="0.001" /><testcase classname="tests.test_anthropic_target" name="test_send_joins_multiple_text_blocks_and_skips_non_text" time="0.001" /><testcase classname="tests.test_anthropic_target" name="test_send_passes_model_and_max_tokens_and_user_message" time="0.001" /><testcase classname="tests.test_anthropic_target" name="test_send_never_passes_sampling_params" time="0.001" /><testcase classname="tests.test_anthropic_target" name="test_send_captures_usage_into_raw" time="0.001" /><testcase classname="tests.test_anthropic_target" name="test_send_uses_response_model_when_present" time="0.001" /><testcase classname="tests.test_anthropic_target" name="test_per_attack_system_overrides_default" time="0.001" /><testcase classname="tests.test_anthropic_target" name="test_default_system_used_when_attack_has_none" time="0.001" /><testcase classname="tests.test_anthropic_target" name="test_no_system_key_when_none_configured" time="0.001" /><testcase classname="tests.test_anthropic_target" name="test_context_is_fenced_into_user_message" time="0.001" /><testcase classname="tests.test_anthropic_target" name="test_no_context_means_plain_prompt" time="0.001" /><testcase classname="tests.test_anthropic_target" name="test_refusal_marks_refused_true" time="0.001" /><testcase classname="tests.test_anthropic_target" name="test_refusal_checked_before_reading_content" time="0.001" /><testcase classname="tests.test_anthropic_target" name="test_api_error_captured_not_raised" time="0.001" /><testcase classname="tests.test_anthropic_target" name="test_malformed_response_captured_not_raised" time="0.001" /><testcase classname="tests.test_anthropic_target" name="test_normalize_error_is_caught_inside_send" time="0.001" /><testcase classname="tests.test_anthropic_target" name="test_lazy_client_built_with_api_key" time="0.001" /><testcase classname="tests.test_anthropic_target" name="test_lazy_client_uses_env_key" time="0.001" /><testcase classname="tests.test_anthropic_target" name="test_missing_key_surfaces_friendly_error" time="0.001" /><testcase classname="tests.test_anthropic_target" name="test_missing_dependency_raises_friendly_error" time="0.001" /><testcase classname="tests.test_anthropic_target" name="test_missing_dependency_via_send_is_captured" time="0.001" /><testcase classname="tests.test_anthropic_target" name="test_module_imports_without_anthropic" time="0.001" /><testcase classname="tests.test_autodan_attacker" name="test_satisfies_adaptive_attacker_protocol" time="0.001" /><testcase classname="tests.test_autodan_attacker" name="test_rejects_bad_population_or_generations" time="0.001" /><testcase classname="tests.test_autodan_attacker" name="test_elite_size_clamped_below_population" time="0.001" /><testcase classname="tests.test_autodan_attacker" name="test_offline_by_default_uses_offline_mutator" time="0.001" /><testcase classname="tests.test_autodan_attacker" name="test_model_given_uses_model_mutator" time="0.001" /><testcase classname="tests.test_autodan_attacker" name="test_run_offline_succeeds_against_vulnerable_target" time="0.002" /><testcase classname="tests.test_autodan_attacker" name="test_run_is_bounded_by_population_times_generations" time="0.001" /><testcase classname="tests.test_autodan_attacker" name="test_run_is_deterministic_for_a_seed" time="0.005" /><testcase classname="tests.test_autodan_attacker" name="test_every_candidate_keeps_the_benign_marker" time="0.001" /><testcase classname="tests.test_autodan_attacker" name="test_run_with_model_mutator_offline" time="0.001" /><testcase classname="tests.test_autodan_attacker" name="test_model_mutator_falls_back_offline_on_error" time="0.001" /><testcase classname="tests.test_autodan_attacker" name="test_run_with_explicit_detectors" time="0.001" /><testcase classname="tests.test_autodan_attacker" name="test_target_fault_is_captured_not_raised" time="0.001" /><testcase classname="tests.test_autodan_attacker" name="test_offline_mutator_changes_framing_keeps_body" time="0.001" /><testcase classname="tests.test_autodan_attacker" name="test_offline_mutator_crossover_is_total_and_seeded" time="0.001" /><testcase classname="tests.test_autodan_attacker" name="test_offline_mutator_handles_empty_inputs" time="0.001" /><testcase classname="tests.test_autodan_attacker" name="test_individual_succeeded_flag" time="0.001" /><testcase classname="tests.test_autodan_attacker" name="test_register_autodan_marks_spec_available" time="0.001" /><testcase classname="tests.test_autodan_attacker" name="test_register_autodan_is_idempotent" time="0.001" /><testcase classname="tests.test_autodan_attacker" name="test_autodan_is_declared_black_box" time="0.001" /><testcase classname="tests.test_benchmark_runner" name="test_corpus_hash_is_stable_and_order_independent" time="0.001" /><testcase classname="tests.test_benchmark_runner" name="test_corpus_hash_changes_with_content" time="0.001" /><testcase classname="tests.test_benchmark_runner" name="test_corpus_hash_empty_is_defined" time="0.001" /><testcase classname="tests.test_benchmark_runner" name="test_baseline_asr_against_mock" time="0.001" /><testcase classname="tests.test_benchmark_runner" name="test_per_technique_breakdown" time="0.001" /><testcase classname="tests.test_benchmark_runner" name="test_metadata_is_stamped" time="0.001" /><testcase classname="tests.test_benchmark_runner" name="test_empty_corpus_produces_overall_cell_with_no_attempts" time="0.001" /><testcase classname="tests.test_benchmark_runner" name="test_clean_target_has_zero_asr" time="0.001" /><testcase classname="tests.test_benchmark_runner" name="test_custom_group_by" time="0.001" /><testcase classname="tests.test_benchmark_runner" name="test_transform_applied_to_prompt" time="0.001" /><testcase classname="tests.test_benchmark_runner" name="test_best_of_transforms_takes_strongest" time="0.001" /><testcase classname="tests.test_benchmark_runner" name="test_transforming_target_wrapper_recovers_canary" time="0.001" /><testcase classname="tests.test_benchmark_runner" name="test_transform_error_falls_back_to_original" time="0.001" /><testcase classname="tests.test_benchmark_runner" name="test_output_filter_defense_lowers_asr" time="0.002" /><testcase classname="tests.test_benchmark_runner" name="test_defended_target_applies_hooks_in_order" time="0.001" /><testcase classname="tests.test_benchmark_runner" name="test_defended_target_skips_output_filter_on_error" time="0.001" /><testcase classname="tests.test_benchmark_runner" name="test_defense_hook_raise_is_passthrough" time="0.001" /><testcase classname="tests.test_benchmark_runner" name="test_adaptive_attacker_folds_into_baseline" time="0.001" /><testcase classname="tests.test_benchmark_runner" name="test_adaptive_setup_error_does_not_abort" time="0.002" /><testcase classname="tests.test_benchmark_runner" name="test_errored_results_excluded_from_attempts" time="0.001" /><testcase classname="tests.test_benchmark_runner" name="test_robustness_grade_scale" time="0.001" /><testcase classname="tests.test_benchmark_runner" name="test_terminal_scorecard_renders" time="0.018" /><testcase classname="tests.test_benchmark_runner" name="test_terminal_scorecard_no_defense_table_when_baseline_only" time="0.006" /><testcase classname="tests.test_benchmark_runner" name="test_json_scorecard_is_valid_and_lossless" time="0.001" /><testcase classname="tests.test_benchmark_runner" name="test_markdown_scorecard_renders" time="0.003" /><testcase classname="tests.test_benchmark_runner" name="test_html_scorecard_renders_and_escapes" time="0.001" /><testcase classname="tests.test_benchmark_runner" name="test_html_scorecard_defense_section_present" time="0.002" /><testcase classname="tests.test_benchmark_runner" name="test_all_reporters_carry_authorized_notice" time="0.008" /><testcase classname="tests.test_cli" name="test_make_canary_unique_and_prefixed" time="0.001" /><testcase classname="tests.test_cli" name="test_engine_runs_corpus_against_mock" time="0.082" /><testcase classname="tests.test_cli" name="test_engine_clean_target_no_findings" time="0.077" /><testcase classname="tests.test_cli" name="test_engine_empty_attacks_raises" time="0.001" /><testcase classname="tests.test_cli" name="test_engine_survives_raising_target" time="0.001" /><testcase classname="tests.test_cli" name="test_engine_survives_raising_detector" time="0.001" /><testcase classname="tests.test_cli" name="test_engine_renders_system_canary" time="0.001" /><testcase classname="tests.test_cli" name="test_engine_on_result_callback" time="0.074" /><testcase classname="tests.test_cli" name="test_filter_attacks_by_technique" time="0.073" /><testcase classname="tests.test_cli" name="test_filter_attacks_by_tag_case_insensitive" time="0.001" /><testcase classname="tests.test_cli" name="test_filter_attacks_none_keeps_all" time="0.072" /><testcase classname="tests.test_cli" name="test_meets_fail_threshold" time="0.001" /><testcase classname="tests.test_cli" name="test_cli_list_bundled" time="0.073" /><testcase classname="tests.test_cli" name="test_cli_list_with_technique_filter" time="0.018" /><testcase classname="tests.test_cli" name="test_cli_list_filter_excludes_all_errors" time="0.011" /><testcase classname="tests.test_cli" name="test_cli_list_bad_corpus_errors" time="0.012" /><testcase classname="tests.test_cli" name="test_cli_scan_mock_finds_and_fails" time="0.013" /><testcase classname="tests.test_cli" name="test_cli_scan_mock_lenient_gate_passes" time="0.010" /><testcase classname="tests.test_cli" name="test_cli_scan_technique_filter_only_benign_passes" time="0.010" /><testcase classname="tests.test_cli" name="test_cli_scan_writes_out_file" time="0.023" /><testcase classname="tests.test_cli" name="test_cli_scan_terminal_format_default" time="0.010" /><testcase classname="tests.test_cli" name="test_cli_scan_all_formats_render[terminal]" time="0.018" /><testcase classname="tests.test_cli" name="test_cli_scan_all_formats_render[json]" time="0.014" /><testcase classname="tests.test_cli" name="test_cli_scan_all_formats_render[markdown]" time="0.013" /><testcase classname="tests.test_cli" name="test_cli_scan_all_formats_render[sarif]" time="0.016" /><testcase classname="tests.test_cli" name="test_cli_scan_all_formats_render[html]" time="0.013" /><testcase classname="tests.test_cli" name="test_cli_scan_unknown_corpus_errors" time="0.009" /><testcase classname="tests.test_cli" name="test_cli_scan_reads_config_file" time="0.039" /><testcase classname="tests.test_cli" name="test_cli_scan_cli_overrides_config" time="0.043" /><testcase classname="tests.test_cli" name="test_cli_init_writes_config" time="0.014" /><testcase classname="tests.test_cli" name="test_cli_init_refuses_overwrite" time="0.012" /><testcase classname="tests.test_cli" name="test_cli_init_force_overwrites" time="0.012" /><testcase classname="tests.test_cli" name="test_cli_no_subcommand_errors" time="0.006" /><testcase classname="tests.test_cli" name="test_cli_help_has_authorized_notice" time="0.005" /><testcase classname="tests.test_cli" name="test_cli_version" time="0.004" /><testcase classname="tests.test_cli" name="test_cli_bad_format_rejected_by_argparse" time="0.005" /><testcase classname="tests.test_cli" name="test_entrypoint_module_runs" time="0.250" /><testcase classname="tests.test_cli_gui" name="test_gui_is_a_valid_subcommand" time="0.004" /><testcase classname="tests.test_cli_gui" name="test_gui_subcommand_listed_in_metavar" time="0.004" /><testcase classname="tests.test_cli_gui" name="test_cmd_gui_calls_web_serve_with_defaults" time="0.005" /><testcase classname="tests.test_cli_gui" name="test_cmd_gui_honors_flags" time="0.006" /><testcase classname="tests.test_cli_gui" name="test_main_dispatches_gui_without_starting_server" time="0.004" /><testcase classname="tests.test_cli_robustness" name="test_bench_subcommand_is_registered" time="0.004" /><testcase classname="tests.test_cli_robustness" name="test_new_target_kinds_accepted" time="0.007" /><testcase classname="tests.test_cli_robustness" name="test_robustness_flags_parse" time="0.005" /><testcase classname="tests.test_cli_robustness" name="test_multiturn_default_value_when_bare" time="0.006" /><testcase classname="tests.test_cli_robustness" name="test_bench_mock_json_scorecard" time="0.080" /><testcase classname="tests.test_cli_robustness" name="test_bench_terminal_format_default" time="0.085" /><testcase classname="tests.test_cli_robustness" name="test_bench_writes_to_out_file" time="0.115" /><testcase classname="tests.test_cli_robustness" name="test_bench_mutate_records_transforms" time="0.092" /><testcase classname="tests.test_cli_robustness" name="test_bench_mutate_all_sweeps_every_transform" time="0.116" /><testcase classname="tests.test_cli_robustness" name="test_bench_defense_records_and_compares" time="0.091" /><testcase classname="tests.test_cli_robustness" name="test_bench_multiturn_runs" time="0.078" /><testcase classname="tests.test_cli_robustness" name="test_bench_seed_recorded" time="0.074" /><testcase classname="tests.test_cli_robustness" name="test_bench_unknown_transform_friendly_error" time="0.075" /><testcase classname="tests.test_cli_robustness" name="test_bench_unknown_defense_friendly_error" time="0.074" /><testcase classname="tests.test_cli_robustness" name="test_bench_unknown_multiturn_strategy_friendly_error" time="0.079" /><testcase classname="tests.test_cli_robustness" name="test_scan_with_defense_runs" time="0.086" /><testcase classname="tests.test_cli_robustness" name="test_scan_with_mutate_runs" time="0.082" /><testcase classname="tests.test_cli_robustness" name="test_scan_with_multiturn_runs" time="0.089" /><testcase classname="tests.test_cli_robustness" name="test_scan_unknown_defense_is_setup_error" time="0.078" /><testcase classname="tests.test_cli_robustness" name="test_research_benchmark_refused_without_authorization" time="0.003" /><testcase classname="tests.test_cli_robustness" name="test_research_benchmark_prints_disclaimer_then_refuses" time="0.003" /><testcase classname="tests.test_cli_robustness" name="test_research_benchmark_authorized_loads_mocked_dataset" time="0.003" /><testcase classname="tests.test_cli_robustness" name="test_research_benchmark_env_var_opt_in" time="0.003" /><testcase classname="tests.test_cli_robustness" name="test_research_acknowledgment_error_is_friendly" time="0.004" /><testcase classname="tests.test_cli_robustness" name="test_build_attacker_unknown_backend" time="0.001" /><testcase classname="tests.test_cli_robustness" name="test_build_attacker_bad_rounds" time="0.001" /><testcase classname="tests.test_cli_robustness" name="test_bench_adaptive_with_stub_attacker" time="0.078" /><testcase classname="tests.test_cli_robustness" name="test_build_transforms_empty_returns_no_variants" time="0.001" /><testcase classname="tests.test_cli_robustness" name="test_build_transforms_single_and_compose" time="0.001" /><testcase classname="tests.test_cli_robustness" name="test_build_transforms_all" time="0.001" /><testcase classname="tests.test_cli_robustness" name="test_build_defenses_single_and_list" time="0.001" /><testcase classname="tests.test_cli_robustness" name="test_build_strategy_for_none_and_named" time="0.001" /><testcase classname="tests.test_cli_robustness" name="test_wrap_target_for_multiturn_preserves_canary" time="0.002" /><testcase classname="tests.test_cli_robustness" name="test_load_research_attacks_unknown_dataset" time="0.001" /><testcase classname="tests.test_cli_robustness" name="test_load_research_attacks_calls_loader_with_canary" time="0.001" /><testcase classname="tests.test_cli_v3_wiring" name="test_cipher_transforms_resolve_via_build_transforms[caesar]" time="0.001" /><testcase classname="tests.test_cli_v3_wiring" name="test_cipher_transforms_resolve_via_build_transforms[atbash]" time="0.001" /><testcase classname="tests.test_cli_v3_wiring" name="test_cipher_transforms_resolve_via_build_transforms[morse]" time="0.001" /><testcase classname="tests.test_cli_v3_wiring" name="test_cipher_transforms_resolve_via_build_transforms[unicode_escape]" time="0.001" /><testcase classname="tests.test_cli_v3_wiring" name="test_cipher_transforms_resolve_via_build_transforms[artprompt]" time="0.001" /><testcase classname="tests.test_cli_v3_wiring" name="test_cipher_transforms_resolve_via_build_transforms[selfcipher]" time="0.001" /><testcase classname="tests.test_cli_v3_wiring" name="test_translate_transform_resolves_via_build_transforms" time="0.001" /><testcase classname="tests.test_cli_v3_wiring" name="test_mutate_all_includes_new_transforms" time="0.001" /><testcase classname="tests.test_cli_v3_wiring" name="test_unknown_transform_is_friendly_error" time="0.001" /><testcase classname="tests.test_cli_v3_wiring" name="test_cipher_transform_preserves_canary_end_to_end" time="0.083" /><testcase classname="tests.test_cli_v3_wiring" name="test_translate_apply_without_dep_is_friendly" time="0.001" /><testcase classname="tests.test_cli_v3_wiring" name="test_translate_mutate_with_stub_translator_scores" time="0.001" /><testcase classname="tests.test_cli_v3_wiring" name="test_attacker_flag_parses" time="0.003" /><testcase classname="tests.test_cli_v3_wiring" name="test_build_attacker_default_is_refine" time="0.001" /><testcase classname="tests.test_cli_v3_wiring" name="test_build_attacker_refine_name_is_default_path" time="0.001" /><testcase classname="tests.test_cli_v3_wiring" name="test_build_attacker_named_blackbox_resolves[pair]" time="0.001" /><testcase classname="tests.test_cli_v3_wiring" name="test_build_attacker_named_blackbox_resolves[tap]" time="0.001" /><testcase classname="tests.test_cli_v3_wiring" name="test_build_attacker_named_blackbox_resolves[autodan]" time="0.001" /><testcase classname="tests.test_cli_v3_wiring" name="test_build_attacker_named_blackbox_resolves[gptfuzzer]" time="0.001" /><testcase classname="tests.test_cli_v3_wiring" name="test_build_attacker_gcg_is_friendly_whitebox_refusal" time="0.001" /><testcase classname="tests.test_cli_v3_wiring" name="test_build_attacker_unknown_name_lists_available" time="0.001" /><testcase classname="tests.test_cli_v3_wiring" name="test_attacker_flag_implies_adaptive_in_resolve" time="0.003" /><testcase classname="tests.test_cli_v3_wiring" name="test_gcg_via_cli_scan_is_friendly_error" time="0.075" /><testcase classname="tests.test_cli_v3_wiring" name="test_named_pair_attacker_folds_into_scan" time="0.078" /><testcase classname="tests.test_cli_v3_wiring" name="test_response_class_summary_counts_match_success" time="0.072" /><testcase classname="tests.test_cli_v3_wiring" name="test_format_response_class_summary_omits_zero_classes" time="0.073" /><testcase classname="tests.test_cli_v3_wiring" name="test_format_response_class_summary_empty_report_is_blank" time="0.001" /><testcase classname="tests.test_cli_v3_wiring" name="test_scan_output_prints_response_class_breakdown" time="0.087" /><testcase classname="tests.test_conversational" name="test_chat_message_holds_role_and_content" time="0.001" /><testcase classname="tests.test_conversational" name="test_adapter_satisfies_conversational_protocol" time="0.001" /><testcase classname="tests.test_conversational" name="test_recording_target_satisfies_target_protocol" time="0.001" /><testcase classname="tests.test_conversational" name="test_chat_flattens_full_transcript_with_assistant_cue" time="0.001" /><testcase classname="tests.test_conversational" name="test_chat_preserves_turn_order" time="0.001" /><testcase classname="tests.test_conversational" name="test_chat_empty_messages_still_cues_assistant" time="0.001" /><testcase classname="tests.test_conversational" name="test_chat_system_role_turn_uses_system_label" time="0.001" /><testcase classname="tests.test_conversational" name="test_chat_forwards_system_prompt" time="0.001" /><testcase classname="tests.test_conversational" name="test_chat_defaults_system_to_none" time="0.001" /><testcase classname="tests.test_conversational" name="test_chat_does_not_pass_separate_context" time="0.001" /><testcase classname="tests.test_conversational" name="test_custom_role_labels_are_applied" time="0.001" /><testcase classname="tests.test_conversational" name="test_unknown_role_label_falls_back_to_capitalized" time="0.001" /><testcase classname="tests.test_conversational" name="test_name_defaults_to_wrapped_target_name" time="0.001" /><testcase classname="tests.test_conversational" name="test_name_override_wins" time="0.001" /><testcase classname="tests.test_conversational" name="test_name_fallback_when_target_has_no_name" time="0.001" /><testcase classname="tests.test_conversational" name="test_chat_returns_wrapped_response_unchanged" time="0.001" /><testcase classname="tests.test_conversational" name="test_chat_passes_through_error_without_raising" time="0.001" /><testcase classname="tests.test_conversational" name="test_adapter_over_mock_target_echoes_marker" time="0.001" /><testcase classname="tests.test_conversational" name="test_adapter_over_clean_target_refuses" time="0.001" /><testcase classname="tests.test_conversational" name="test_as_conversational_wraps_single_shot_target" time="0.001" /><testcase classname="tests.test_conversational" name="test_as_conversational_passthrough_for_native" time="0.001" /><testcase classname="tests.test_conversational" name="test_as_conversational_does_not_wrap_adapter_twice" time="0.001" /><testcase classname="tests.test_conversational" name="test_symbols_are_reexported_from_targets_package" time="0.001" /><testcase classname="tests.test_corpus" name="test_all_six_technique_files_exist" time="0.001" /><testcase classname="tests.test_corpus" name="test_corpus_dir_loads_without_error" time="0.072" /><testcase classname="tests.test_corpus" name="test_each_file_parses_and_is_substantial[data_exfiltration-data_exfiltration]" time="0.013" /><testcase classname="tests.test_corpus" name="test_each_file_parses_and_is_substantial[direct_injection-direct_injection]" time="0.014" /><testcase classname="tests.test_corpus" name="test_each_file_parses_and_is_substantial[indirect_injection-indirect_injection]" time="0.016" /><testcase classname="tests.test_corpus" name="test_each_file_parses_and_is_substantial[jailbreak-jailbreak]" time="0.017" /><testcase classname="tests.test_corpus" name="test_each_file_parses_and_is_substantial[system_prompt_leak-system_prompt_leak]" time="0.012" /><testcase classname="tests.test_corpus" name="test_each_file_parses_and_is_substantial[tool_abuse-tool_abuse]" time="0.012" /><testcase classname="tests.test_corpus" name="test_global_ids_unique" time="0.070" /><testcase classname="tests.test_corpus" name="test_all_success_conditions_use_valid_keys" time="0.071" /><testcase classname="tests.test_corpus" name="test_every_attack_has_a_strong_condition" time="0.071" /><testcase classname="tests.test_corpus" name="test_severity_is_valid_enum" time="0.069" /><testcase classname="tests.test_corpus" name="test_attacks_have_references_and_tags" time="0.071" /><testcase classname="tests.test_corpus" name="test_canary_convention_holds" time="0.076" /><testcase classname="tests.test_corpus" name="test_render_substitutes_canary" time="0.072" /><testcase classname="tests.test_corpus" name="test_first_attack_fires_against_vulnerable_target[data_exfiltration]" time="0.012"><skipped type="pytest.skip" message="data_exfiltration.yaml has no MockTarget-exercisable attack">C:\Users\dukot\injectkit\tests\test_corpus.py:250: data_exfiltration.yaml has no MockTarget-exercisable attack</skipped></testcase><testcase classname="tests.test_corpus" name="test_first_attack_fires_against_vulnerable_target[direct_injection]" time="0.014" /><testcase classname="tests.test_corpus" name="test_first_attack_fires_against_vulnerable_target[indirect_injection]" time="0.015" /><testcase classname="tests.test_corpus" name="test_first_attack_fires_against_vulnerable_target[jailbreak]" time="0.017" /><testcase classname="tests.test_corpus" name="test_first_attack_fires_against_vulnerable_target[system_prompt_leak]" time="0.011" /><testcase classname="tests.test_corpus" name="test_first_attack_fires_against_vulnerable_target[tool_abuse]" time="0.011" /><testcase classname="tests.test_corpus" name="test_regex_conditions_match_a_compliant_output" time="0.071" /><testcase classname="tests.test_corpus_v2" name="test_family_is_expanded[data_exfiltration]" time="0.012" /><testcase classname="tests.test_corpus_v2" name="test_family_is_expanded[direct_injection]" time="0.014" /><testcase classname="tests.test_corpus_v2" name="test_family_is_expanded[indirect_injection]" time="0.015" /><testcase classname="tests.test_corpus_v2" name="test_family_is_expanded[jailbreak]" time="0.017" /><testcase classname="tests.test_corpus_v2" name="test_family_is_expanded[system_prompt_leak]" time="0.011" /><testcase classname="tests.test_corpus_v2" name="test_family_is_expanded[tool_abuse]" time="0.011" /><testcase classname="tests.test_corpus_v2" name="test_total_corpus_grew_substantially" time="0.073" /><testcase classname="tests.test_corpus_v2" name="test_ids_are_unique_and_kebab" time="0.074" /><testcase classname="tests.test_corpus_v2" name="test_severity_floor_respected[data_exfiltration-medium]" time="0.014" /><testcase classname="tests.test_corpus_v2" name="test_severity_floor_respected[direct_injection-low]" time="0.015" /><testcase classname="tests.test_corpus_v2" name="test_severity_floor_respected[indirect_injection-low]" time="0.016" /><testcase classname="tests.test_corpus_v2" name="test_severity_floor_respected[jailbreak-low]" time="0.017" /><testcase classname="tests.test_corpus_v2" name="test_severity_floor_respected[system_prompt_leak-medium]" time="0.012" /><testcase classname="tests.test_corpus_v2" name="test_severity_floor_respected[tool_abuse-medium]" time="0.011" /><testcase classname="tests.test_corpus_v2" name="test_family_pulls_in_v2_taxonomy_tags[data_exfiltration-wanted0]" time="0.013" /><testcase classname="tests.test_corpus_v2" name="test_family_pulls_in_v2_taxonomy_tags[direct_injection-wanted1]" time="0.014" /><testcase classname="tests.test_corpus_v2" name="test_family_pulls_in_v2_taxonomy_tags[indirect_injection-wanted2]" time="0.015" /><testcase classname="tests.test_corpus_v2" name="test_family_pulls_in_v2_taxonomy_tags[jailbreak-wanted3]" time="0.017" /><testcase classname="tests.test_corpus_v2" name="test_family_pulls_in_v2_taxonomy_tags[system_prompt_leak-wanted4]" time="0.011" /><testcase classname="tests.test_corpus_v2" name="test_family_pulls_in_v2_taxonomy_tags[tool_abuse-wanted5]" time="0.011" /><testcase classname="tests.test_corpus_v2" name="test_every_attack_tags_and_refs_present" time="0.069" /><testcase classname="tests.test_corpus_v2" name="test_no_harmful_content_in_corpus" time="0.070" /><testcase classname="tests.test_corpus_v2" name="test_marker_or_sentinel_proxy_used_everywhere" time="0.072" /><testcase classname="tests.test_corpus_v2" name="test_every_attack_fires_on_a_fully_compliant_reply" time="0.076" /><testcase classname="tests.test_corpus_v2" name="test_defending_refusal_never_scores_success" time="0.071" /><testcase classname="tests.test_defenses" name="test_satisfies_defense_protocol[none]" time="0.001" /><testcase classname="tests.test_defenses" name="test_satisfies_defense_protocol[hardened_system]" time="0.001" /><testcase classname="tests.test_defenses" name="test_satisfies_defense_protocol[sandwich]" time="0.001" /><testcase classname="tests.test_defenses" name="test_satisfies_defense_protocol[input_sanitizer]" time="0.001" /><testcase classname="tests.test_defenses" name="test_satisfies_defense_protocol[output_filter]" time="0.001" /><testcase classname="tests.test_defenses" name="test_hooks_total_on_ordinary_input[none]" time="0.001" /><testcase classname="tests.test_defenses" name="test_hooks_total_on_ordinary_input[hardened_system]" time="0.001" /><testcase classname="tests.test_defenses" name="test_hooks_total_on_ordinary_input[sandwich]" time="0.001" /><testcase classname="tests.test_defenses" name="test_hooks_total_on_ordinary_input[input_sanitizer]" time="0.001" /><testcase classname="tests.test_defenses" name="test_hooks_total_on_ordinary_input[output_filter]" time="0.001" /><testcase classname="tests.test_defenses" name="test_hardened_system_prepends_preamble_when_none" time="0.001" /><testcase classname="tests.test_defenses" name="test_hardened_system_preserves_existing_prompt_below_preamble" time="0.001" /><testcase classname="tests.test_defenses" name="test_hardened_system_passthrough_input_and_output" time="0.001" /><testcase classname="tests.test_defenses" name="test_sandwich_fences_context_when_present" time="0.001" /><testcase classname="tests.test_defenses" name="test_sandwich_fences_prompt_when_no_context" time="0.001" /><testcase classname="tests.test_defenses" name="test_sandwich_system_note_explains_delimiters" time="0.001" /><testcase classname="tests.test_defenses" name="test_sandwich_output_passthrough" time="0.001" /><testcase classname="tests.test_defenses" name="test_sanitizer_redacts_known_trigger_phrase" time="0.001" /><testcase classname="tests.test_defenses" name="test_sanitizer_redacts_reveal_system_prompt" time="0.001" /><testcase classname="tests.test_defenses" name="test_sanitizer_strips_zero_width_to_unmask_trigger" time="0.001" /><testcase classname="tests.test_defenses" name="test_sanitizer_folds_homoglyphs_back_to_latin" time="0.001" /><testcase classname="tests.test_defenses" name="test_sanitizer_blocks_base64_instruction_blob" time="0.001" /><testcase classname="tests.test_defenses" name="test_sanitizer_blocks_hex_instruction_blob" time="0.001" /><testcase classname="tests.test_defenses" name="test_sanitizer_leaves_benign_base64_alone" time="0.001" /><testcase classname="tests.test_defenses" name="test_sanitizer_preserves_cleartext_canary" time="0.001" /><testcase classname="tests.test_defenses" name="test_sanitizer_sanitizes_context_too" time="0.001" /><testcase classname="tests.test_defenses" name="test_sanitizer_system_and_output_passthrough" time="0.001" /><testcase classname="tests.test_defenses" name="test_output_filter_redacts_success_marker" time="0.001" /><testcase classname="tests.test_defenses" name="test_output_filter_redacts_marker_anywhere_multiple" time="0.001" /><testcase classname="tests.test_defenses" name="test_output_filter_redacts_system_prompt_leak_line" time="0.001" /><testcase classname="tests.test_defenses" name="test_output_filter_passthrough_benign_text" time="0.001" /><testcase classname="tests.test_defenses" name="test_output_filter_system_and_input_passthrough" time="0.001" /><testcase classname="tests.test_defenses" name="test_builtins_registered" time="0.001" /><testcase classname="tests.test_defenses" name="test_get_defense_resolves_each_builtin[hardened_system]" time="0.001" /><testcase classname="tests.test_defenses" name="test_get_defense_resolves_each_builtin[input_sanitizer]" time="0.001" /><testcase classname="tests.test_defenses" name="test_get_defense_resolves_each_builtin[output_filter]" time="0.001" /><testcase classname="tests.test_defenses" name="test_get_defense_resolves_each_builtin[sandwich]" time="0.001" /><testcase classname="tests.test_defenses" name="test_get_defense_unknown_raises_keyerror" time="0.001" /><testcase classname="tests.test_defenses" name="test_register_builtins_is_idempotent" time="0.001" /><testcase classname="tests.test_defenses" name="test_null_defense_lets_injection_succeed" time="0.001" /><testcase classname="tests.test_defenses" name="test_output_filter_flips_success_to_failure" time="0.001" /><testcase classname="tests.test_defenses" name="test_defense_does_not_falsely_pass_on_errored_target" time="0.001" /><testcase classname="tests.test_docs_landing" name="test_landing_page_exists_and_is_html5" time="0.003" /><testcase classname="tests.test_docs_landing" name="test_landing_page_tags_balanced" time="0.005" /><testcase classname="tests.test_docs_landing" name="test_landing_page_has_no_external_dependencies" time="0.003" /><testcase classname="tests.test_docs_landing" name="test_landing_page_covers_required_sections" time="0.001" /><testcase classname="tests.test_docs_landing" name="test_landing_page_shows_the_scan_demo" time="0.001" /><testcase classname="tests.test_docs_landing" name="test_landing_page_lists_all_six_techniques" time="0.001" /><testcase classname="tests.test_docs_landing" name="test_landing_page_has_prominent_authorized_use_banner" time="0.001" /><testcase classname="tests.test_docs_landing" name="test_landing_page_links_to_github_repo" time="0.001" /><testcase classname="tests.test_docs_landing" name="test_landing_page_states_mit_license" time="0.001" /><testcase classname="tests.test_docs_landing" name="test_readme_has_authorized_use_notice_near_top" time="0.001" /><testcase classname="tests.test_docs_landing" name="test_readme_sections_in_intended_order" time="0.001" /><testcase classname="tests.test_docs_landing" name="test_readme_documents_the_github_action" time="0.001" /><testcase classname="tests.test_docs_landing" name="test_readme_lists_report_formats" time="0.001" /><testcase classname="tests.test_docs_landing" name="test_readme_documents_install_extras" time="0.001" /><testcase classname="tests.test_docs_landing" name="test_readme_explains_canary_marker_detection" time="0.001" /><testcase classname="tests.test_docs_landing" name="test_readme_and_docs_agree_on_techniques" time="0.001" /><testcase classname="tests.test_docs_v3_readme_landing" name="test_readme_has_v3_whats_new_section" time="0.002" /><testcase classname="tests.test_docs_v3_readme_landing" name="test_readme_advertises_cipher_transforms" time="0.001" /><testcase classname="tests.test_docs_v3_readme_landing" name="test_readme_advertises_translate_transform" time="0.001" /><testcase classname="tests.test_docs_v3_readme_landing" name="test_readme_advertises_crescendo_reply" time="0.001" /><testcase classname="tests.test_docs_v3_readme_landing" name="test_readme_advertises_named_attackers" time="0.001" /><testcase classname="tests.test_docs_v3_readme_landing" name="test_readme_advertises_5class_scoring" time="0.001" /><testcase classname="tests.test_docs_v3_readme_landing" name="test_readme_cites_research_doc" time="0.001" /><testcase classname="tests.test_docs_v3_readme_landing" name="test_readme_cites_primary_sources" time="0.001" /><testcase classname="tests.test_docs_v3_readme_landing" name="test_readme_carries_honest_frontier_caveat" time="0.001" /><testcase classname="tests.test_docs_v3_readme_landing" name="test_readme_keeps_ethics_and_benign_canary_posture" time="0.002" /><testcase classname="tests.test_docs_v3_readme_landing" name="test_readme_current_release_is_v3" time="0.001" /><testcase classname="tests.test_docs_v3_readme_landing" name="test_landing_has_v3_section" time="0.002" /><testcase classname="tests.test_docs_v3_readme_landing" name="test_landing_advertises_v3_transforms_and_attackers" time="0.001" /><testcase classname="tests.test_docs_v3_readme_landing" name="test_landing_advertises_5class" time="0.001" /><testcase classname="tests.test_docs_v3_readme_landing" name="test_landing_cites_primary_sources" time="0.001" /><testcase classname="tests.test_docs_v3_readme_landing" name="test_landing_carries_honest_frontier_caveat" time="0.001" /><testcase classname="tests.test_docs_v3_readme_landing" name="test_landing_links_research_doc" time="0.001" /><testcase classname="tests.test_docs_v3_readme_landing" name="test_landing_stays_self_contained" time="0.002" /><testcase classname="tests.test_docs_v3_readme_landing" name="test_landing_v3_section_precedes_v2" time="0.001" /><testcase classname="tests.test_docs_v3_readme_landing" name="test_changelog_has_v3_entry" time="0.002" /><testcase classname="tests.test_docs_v3_readme_landing" name="test_changelog_v3_lists_every_module" time="0.001" /><testcase classname="tests.test_docs_v3_readme_landing" name="test_changelog_v3_keeps_success_frozen" time="0.001" /><testcase classname="tests.test_docs_v3_readme_landing" name="test_changelog_v3_cites_sources" time="0.001" /><testcase classname="tests.test_docs_v3_readme_landing" name="test_changelog_v3_has_compare_link" time="0.001" /><testcase classname="tests.test_docs_v3_research" name="test_research_has_authorized_use_notice" time="0.002" /><testcase classname="tests.test_docs_v3_research" name="test_research_states_benign_canary_methodology" time="0.001" /><testcase classname="tests.test_docs_v3_research" name="test_research_carries_the_overstated_caveat" time="0.001" /><testcase classname="tests.test_docs_v3_research" name="test_research_cites_every_primary_source" time="0.001" /><testcase classname="tests.test_docs_v3_research" name="test_research_maps_every_v3_addition_to_a_module" time="0.001" /><testcase classname="tests.test_docs_v3_research" name="test_research_documents_gcg_safety_posture" time="0.001" /><testcase classname="tests.test_docs_v3_research" name="test_taxonomy_lists_cipher_transforms_with_citations" time="0.001" /><testcase classname="tests.test_docs_v3_research" name="test_taxonomy_lists_translate_transform_with_citation" time="0.001" /><testcase classname="tests.test_docs_v3_research" name="test_taxonomy_lists_crescendo_reply_with_citation" time="0.001" /><testcase classname="tests.test_docs_v3_research" name="test_taxonomy_lists_named_attackers_with_citations" time="0.001" /><testcase classname="tests.test_docs_v3_research" name="test_taxonomy_documents_5class_scoring" time="0.001" /><testcase classname="tests.test_docs_v3_research" name="test_benchmark_documents_new_transform_axis" time="0.002" /><testcase classname="tests.test_docs_v3_research" name="test_benchmark_documents_attacker_axis" time="0.001" /><testcase classname="tests.test_docs_v3_research" name="test_benchmark_keeps_boolean_success_frozen" time="0.001" /><testcase classname="tests.test_docs_v3_research" name="test_docs_match_code_contracts" time="0.001" /><testcase classname="tests.test_engine" name="test_make_canary_is_unique_and_prefixed" time="0.001" /><testcase classname="tests.test_engine" name="test_scan_vulnerable_target_produces_finding" time="0.001" /><testcase classname="tests.test_engine" name="test_scan_clean_target_no_findings" time="0.001" /><testcase classname="tests.test_engine" name="test_marker_carries_the_per_attack_canary" time="0.001" /><testcase classname="tests.test_engine" name="test_system_prompt_is_rendered_and_passed_through" time="0.001" /><testcase classname="tests.test_engine" name="test_target_that_raises_becomes_errored_response" time="0.001" /><testcase classname="tests.test_engine" name="test_detector_that_raises_is_isolated" time="0.001" /><testcase classname="tests.test_engine" name="test_target_returning_non_response_is_isolated" time="0.001" /><testcase classname="tests.test_engine" name="test_detector_returning_non_verdict_is_isolated" time="0.001" /><testcase classname="tests.test_engine" name="test_one_bad_attack_does_not_abort_remaining" time="0.001" /><testcase classname="tests.test_engine" name="test_report_metadata_and_timing" time="0.001" /><testcase classname="tests.test_engine" name="test_results_preserve_corpus_order" time="0.001" /><testcase classname="tests.test_engine" name="test_on_result_callback_fires_per_attack" time="0.001" /><testcase classname="tests.test_engine" name="test_injectable_canary_factory_is_used" time="0.001" /><testcase classname="tests.test_engine" name="test_empty_corpus_raises_scan_error" time="0.001" /><testcase classname="tests.test_engine" name="test_engine_requires_a_detector" time="0.001" /><testcase classname="tests.test_engine" name="test_default_detector_is_offline_heuristic" time="0.001" /><testcase classname="tests.test_engine" name="test_run_scan_loads_bundled_corpus_path" time="0.076" /><testcase classname="tests.test_engine_crescendo_reply" name="test_reply_strategies_detected_as_adaptive" time="0.001" /><testcase classname="tests.test_engine_crescendo_reply" name="test_static_strategies_not_detected_as_adaptive" time="0.001" /><testcase classname="tests.test_engine_crescendo_reply" name="test_engine_drives_adaptive_loop_and_quotes_real_reply[crescendo_reply]" time="0.001" /><testcase classname="tests.test_engine_crescendo_reply" name="test_engine_drives_adaptive_loop_and_quotes_real_reply[crescendo_decompose]" time="0.001" /><testcase classname="tests.test_engine_crescendo_reply" name="test_engine_adaptive_lead_ins_never_leak_canary[crescendo_reply]" time="0.001" /><testcase classname="tests.test_engine_crescendo_reply" name="test_engine_adaptive_lead_ins_never_leak_canary[crescendo_decompose]" time="0.001" /><testcase classname="tests.test_engine_crescendo_reply" name="test_engine_adaptive_refusing_target_does_not_score[crescendo_reply]" time="0.001" /><testcase classname="tests.test_engine_crescendo_reply" name="test_engine_adaptive_refusing_target_does_not_score[crescendo_decompose]" time="0.001" /><testcase classname="tests.test_engine_crescendo_reply" name="test_engine_adaptive_loop_feeds_growing_history" time="0.001" /><testcase classname="tests.test_engine_crescendo_reply" name="test_engine_static_strategy_path_unchanged" time="0.001" /><testcase classname="tests.test_engine_v2" name="test_run_strategy_single_shot_default_scores_marker" time="0.001" /><testcase classname="tests.test_engine_v2" name="test_run_strategy_wraps_single_shot_target_into_conversation" time="0.001" /><testcase classname="tests.test_engine_v2" name="test_run_strategy_multiturn_against_conversational_target" time="0.001" /><testcase classname="tests.test_engine_v2" name="test_run_strategy_scripted_turns_are_not_sent_to_target" time="0.001" /><testcase classname="tests.test_engine_v2" name="test_run_strategy_refusing_target_does_not_score" time="0.001" /><testcase classname="tests.test_engine_v2" name="test_run_strategy_renders_canary_into_system_prompt" time="0.001" /><testcase classname="tests.test_engine_v2" name="test_run_strategy_target_that_raises_becomes_errored" time="0.001" /><testcase classname="tests.test_engine_v2" name="test_run_strategy_strategy_that_raises_becomes_errored" time="0.001" /><testcase classname="tests.test_engine_v2" name="test_run_strategy_target_returning_non_response_is_isolated" time="0.001" /><testcase classname="tests.test_engine_v2" name="test_run_transformed_keeps_marker_through_wrap" time="0.001" /><testcase classname="tests.test_engine_v2" name="test_run_transformed_best_of_rescues_pathological_transform" time="0.001" /><testcase classname="tests.test_engine_v2" name="test_run_transformed_transform_error_falls_back_to_identity_prompt" time="0.001" /><testcase classname="tests.test_engine_v2" name="test_run_transformed_auto_includes_identity" time="0.001" /><testcase classname="tests.test_engine_v2" name="test_run_transformed_preserves_order_and_findings" time="0.001" /><testcase classname="tests.test_engine_v2" name="test_run_transformed_empty_corpus_raises" time="0.001" /><testcase classname="tests.test_engine_v2" name="test_run_transformed_on_result_fires_per_variant" time="0.001" /><testcase classname="tests.test_engine_v2" name="test_run_defended_output_filter_lowers_findings" time="0.001" /><testcase classname="tests.test_engine_v2" name="test_run_defended_null_defense_matches_baseline" time="0.001" /><testcase classname="tests.test_engine_v2" name="test_run_defended_applies_system_and_input_hooks" time="0.001" /><testcase classname="tests.test_engine_v2" name="test_run_adaptive_returns_attacker_result" time="0.001" /><testcase classname="tests.test_engine_v2" name="test_fold_adaptive_returns_best_round_as_result" time="0.001" /><testcase classname="tests.test_engine_v2" name="test_run_adaptive_uses_engine_detectors_and_target" time="0.001" /><testcase classname="tests.test_engine_v2" name="test_benchmark_produces_scorecard" time="0.002" /><testcase classname="tests.test_engine_v2" name="test_benchmark_sweeps_defense_and_reports_delta" time="0.001" /><testcase classname="tests.test_engine_v2" name="test_benchmark_folds_in_adaptive_attacker" time="0.002" /><testcase classname="tests.test_engine_v2" name="test_benchmark_reuses_engine_judging_and_version" time="0.001" /><testcase classname="tests.test_engine_v2" name="test_is_stronger_prefers_success" time="0.001" /><testcase classname="tests.test_engine_v2" name="test_is_stronger_prefers_non_errored" time="0.001" /><testcase classname="tests.test_engine_v2" name="test_is_stronger_breaks_ties_on_confidence" time="0.001" /><testcase classname="tests.test_engine_v2" name="test_importing_engine_does_not_pull_optional_deps" time="0.001" /><testcase classname="tests.test_errored_target" name="test_all_errored_report_rollups" time="0.001" /><testcase classname="tests.test_errored_target" name="test_partial_errored_excluded_from_passed" time="0.001" /><testcase classname="tests.test_errored_target" name="test_grade_report_all_errored_is_not_a" time="0.001" /><testcase classname="tests.test_errored_target" name="test_html_report_all_errored_not_grade_a" time="0.001" /><testcase classname="tests.test_errored_target" name="test_terminal_report_all_errored_not_grade_a" time="0.005" /><testcase classname="tests.test_errored_target" name="test_markdown_report_all_errored_not_grade_a" time="0.001" /><testcase classname="tests.test_errored_target" name="test_reporters_show_errored_count_when_some_errored" time="0.005" /><testcase classname="tests.test_errored_target" name="test_cli_scan_warns_on_all_errored" time="132.585" /><testcase classname="tests.test_foundation" name="test_version_and_exports" time="0.002" /><testcase classname="tests.test_foundation" name="test_severity_ordering_and_coerce" time="0.002" /><testcase classname="tests.test_foundation" name="test_attack_render_substitutes_canary" time="0.002" /><testcase classname="tests.test_foundation" name="test_verdict_is_pydantic_model" time="0.001" /><testcase classname="tests.test_foundation" name="test_load_corpus_parses_bundled_examples" time="0.111" /><testcase classname="tests.test_foundation" name="test_load_corpus_single_file" time="0.019" /><testcase classname="tests.test_foundation" name="test_load_corpus_rejects_bad_severity" time="0.017" /><testcase classname="tests.test_foundation" name="test_load_corpus_rejects_unknown_condition" time="0.017" /><testcase classname="tests.test_foundation" name="test_mock_target_falls_for_injection" time="0.002" /><testcase classname="tests.test_foundation" name="test_clean_target_refuses" time="0.002" /><testcase classname="tests.test_foundation" name="test_mock_target_leaks_system_prompt" time="0.002" /><testcase classname="tests.test_foundation" name="test_mock_target_satisfies_protocol" time="0.002" /><testcase classname="tests.test_foundation" name="test_sample_report_fixture" time="0.002" /><testcase classname="tests.test_foundation" name="test_finding_from_result" time="0.002" /><testcase classname="tests.test_foundation" name="test_load_config_defaults_and_merge" time="0.007" /><testcase classname="tests.test_foundation" name="test_load_config_cli_overrides" time="0.007" /><testcase classname="tests.test_foundation" name="test_protocols_and_notice_present" time="0.002" /><testcase classname="tests.test_gptfuzz_attacker" name="test_seed_template_keeps_placeholder" time="0.001" /><testcase classname="tests.test_gptfuzz_attacker" name="test_seed_template_preserves_existing_placeholder" time="0.002" /><testcase classname="tests.test_gptfuzz_attacker" name="test_seed_template_render_slots_request" time="0.001" /><testcase classname="tests.test_gptfuzz_attacker" name="test_seed_template_mean_reward_zero_when_unvisited" time="0.001" /><testcase classname="tests.test_gptfuzz_attacker" name="test_all_builtin_seeds_carry_placeholder" time="0.001" /><testcase classname="tests.test_gptfuzz_attacker" name="test_scheduler_selects_unvisited_first" time="0.003" /><testcase classname="tests.test_gptfuzz_attacker" name="test_scheduler_exploits_high_reward_when_all_visited" time="0.001" /><testcase classname="tests.test_gptfuzz_attacker" name="test_scheduler_explores_rare_seeds" time="0.001" /><testcase classname="tests.test_gptfuzz_attacker" name="test_scheduler_empty_pool_raises" time="0.001" /><testcase classname="tests.test_gptfuzz_attacker" name="test_scheduler_update_accumulates_total" time="0.001" /><testcase classname="tests.test_gptfuzz_attacker" name="test_mutator_names_complete" time="0.001" /><testcase classname="tests.test_gptfuzz_attacker" name="test_pure_mutators_preserve_placeholder" time="0.001" /><testcase classname="tests.test_gptfuzz_attacker" name="test_expand_prepends_framing" time="0.002" /><testcase classname="tests.test_gptfuzz_attacker" name="test_crossover_splices_two_templates" time="0.001" /><testcase classname="tests.test_gptfuzz_attacker" name="test_model_driven_generate_uses_model" time="0.001" /><testcase classname="tests.test_gptfuzz_attacker" name="test_model_driven_falls_back_when_model_empty" time="0.001" /><testcase classname="tests.test_gptfuzz_attacker" name="test_model_driven_falls_back_when_model_raises" time="0.001" /><testcase classname="tests.test_gptfuzz_attacker" name="test_mutator_propagates_attacker_error" time="0.002" /><testcase classname="tests.test_gptfuzz_attacker" name="test_unknown_mutator_raises" time="0.001" /><testcase classname="tests.test_gptfuzz_attacker" name="test_choose_is_deterministic_with_seed" time="0.002" /><testcase classname="tests.test_gptfuzz_attacker" name="test_attacker_satisfies_protocol" time="0.001" /><testcase classname="tests.test_gptfuzz_attacker" name="test_attacker_rejects_bad_max_rounds" time="0.002" /><testcase classname="tests.test_gptfuzz_attacker" name="test_attacker_empty_seeds_falls_back_to_corpus" time="0.001" /><testcase classname="tests.test_gptfuzz_attacker" name="test_attacker_custom_seeds" time="0.001" /><testcase classname="tests.test_gptfuzz_attacker" name="test_attacker_pool_seeded_from_corpus" time="0.001" /><testcase classname="tests.test_gptfuzz_attacker" name="test_attacker_runs_with_no_model" time="0.001" /><testcase classname="tests.test_gptfuzz_attacker" name="test_run_succeeds_against_vulnerable_target" time="0.001" /><testcase classname="tests.test_gptfuzz_attacker" name="test_run_stops_early_on_success" time="0.002" /><testcase classname="tests.test_gptfuzz_attacker" name="test_run_bounded_against_clean_target" time="0.001" /><testcase classname="tests.test_gptfuzz_attacker" name="test_run_with_no_model_against_vulnerable" time="0.001" /><testcase classname="tests.test_gptfuzz_attacker" name="test_run_candidate_carries_marker" time="0.001" /><testcase classname="tests.test_gptfuzz_attacker" name="test_run_updates_scheduler_statistics" time="0.001" /><testcase classname="tests.test_gptfuzz_attacker" name="test_run_transcript_records_mutator" time="0.001" /><testcase classname="tests.test_gptfuzz_attacker" name="test_run_is_deterministic" time="0.001" /><testcase classname="tests.test_gptfuzz_attacker" name="test_run_handles_raising_model" time="0.001" /><testcase classname="tests.test_gptfuzz_attacker" name="test_prompt_builder_system_prompt_mentions_placeholder" time="0.001" /><testcase classname="tests.test_gptfuzz_attacker" name="test_factory_builds_attacker" time="0.001" /><testcase classname="tests.test_gptfuzz_attacker" name="test_factory_allows_no_model" time="0.001" /><testcase classname="tests.test_gptfuzz_attacker" name="test_registry_resolves_gptfuzzer" time="0.001" /><testcase classname="tests.test_gptfuzz_attacker" name="test_registry_spec_doc_cites_paper" time="0.001" /><testcase classname="tests.test_heuristics" name="test_implements_detector_protocol" time="0.001" /><testcase classname="tests.test_heuristics" name="test_verdict_is_attributed_to_detector_name" time="0.001" /><testcase classname="tests.test_heuristics" name="test_valid_condition_keys_is_complete" time="0.001" /><testcase classname="tests.test_heuristics" name="test_marker_echoed_success" time="0.001" /><testcase classname="tests.test_heuristics" name="test_marker_echoed_requires_trigger_prefix" time="0.001" /><testcase classname="tests.test_heuristics" name="test_marker_echoed_wrong_canary_fails" time="0.001" /><testcase classname="tests.test_heuristics" name="test_custom_trigger" time="0.001" /><testcase classname="tests.test_heuristics" name="test_canary_in_output_success" time="0.001" /><testcase classname="tests.test_heuristics" name="test_canary_in_output_absent_fails" time="0.001" /><testcase classname="tests.test_heuristics" name="test_regex_string_match" time="0.001" /><testcase classname="tests.test_heuristics" name="test_regex_case_insensitive_and_dotall" time="0.001" /><testcase classname="tests.test_heuristics" name="test_regex_list_any_match" time="0.001" /><testcase classname="tests.test_heuristics" name="test_regex_no_match_fails" time="0.002" /><testcase classname="tests.test_heuristics" name="test_malformed_regex_does_not_raise" time="0.002" /><testcase classname="tests.test_heuristics" name="test_system_prompt_leak_verbatim" time="0.001" /><testcase classname="tests.test_heuristics" name="test_system_prompt_leak_distinctive_line" time="0.001" /><testcase classname="tests.test_heuristics" name="test_system_prompt_leak_explicit_marker" time="0.001" /><testcase classname="tests.test_heuristics" name="test_system_prompt_leak_marker_list" time="0.001" /><testcase classname="tests.test_heuristics" name="test_system_prompt_leak_marker_renders_canary" time="0.001" /><testcase classname="tests.test_heuristics" name="test_system_prompt_leak_literal_placeholder_is_not_matched" time="0.001" /><testcase classname="tests.test_heuristics" name="test_system_prompt_leak_true_renders_canary_in_system" time="0.002" /><testcase classname="tests.test_heuristics" name="test_regex_renders_canary" time="0.002" /><testcase classname="tests.test_heuristics" name="test_regex_list_renders_canary" time="0.001" /><testcase classname="tests.test_heuristics" name="test_system_prompt_no_leak_fails" time="0.001" /><testcase classname="tests.test_heuristics" name="test_refusal_absent_alone_is_not_success" time="0.001" /><testcase classname="tests.test_heuristics" name="test_refusal_absent_corroborates_strong_signal" time="0.001" /><testcase classname="tests.test_heuristics" name="test_refused_response_is_never_success" time="0.001" /><testcase classname="tests.test_heuristics" name="test_error_response_abstains" time="0.001" /><testcase classname="tests.test_heuristics" name="test_empty_conditions_no_success" time="0.001" /><testcase classname="tests.test_heuristics" name="test_empty_text_no_success" time="0.001" /><testcase classname="tests.test_heuristics" name="test_unknown_condition_key_ignored" time="0.001" /><testcase classname="tests.test_heuristics" name="test_multiple_strong_signals_boost_confidence" time="0.001" /><testcase classname="tests.test_heuristics" name="test_falsey_condition_value_disables_check" time="0.001" /><testcase classname="tests.test_heuristics" name="test_against_mock_target_vulnerable" time="0.001" /><testcase classname="tests.test_heuristics" name="test_against_clean_target_defends" time="0.002" /><testcase classname="tests.test_hf_target" name="test_defaults_and_name" time="0.001" /><testcase classname="tests.test_hf_target" name="test_custom_name" time="0.001" /><testcase classname="tests.test_hf_target" name="test_satisfies_both_protocols" time="0.001" /><testcase classname="tests.test_hf_target" name="test_as_conversational_returns_self" time="0.001" /><testcase classname="tests.test_hf_target" name="test_from_config_reads_fields" time="0.001" /><testcase classname="tests.test_hf_target" name="test_from_config_generic_name_not_used" time="0.001" /><testcase classname="tests.test_hf_target" name="test_construction_does_not_import_hf" time="0.001" /><testcase classname="tests.test_hf_target" name="test_send_with_injected_objects_strips_prompt" time="0.012" /><testcase classname="tests.test_hf_target" name="test_send_loads_model_lazily" time="0.003" /><testcase classname="tests.test_hf_target" name="test_load_happens_once" time="0.002" /><testcase classname="tests.test_hf_target" name="test_chat_template_used_when_available" time="0.002" /><testcase classname="tests.test_hf_target" name="test_transcript_fallback_when_no_chat_template" time="0.001" /><testcase classname="tests.test_hf_target" name="test_deterministic_generation_kwargs_and_seed" time="0.002" /><testcase classname="tests.test_hf_target" name="test_pad_token_falls_back_to_eos" time="0.002" /><testcase classname="tests.test_hf_target" name="test_per_attack_system_overrides_default" time="0.002" /><testcase classname="tests.test_hf_target" name="test_no_system_omits_system_message" time="0.003" /><testcase classname="tests.test_hf_target" name="test_context_is_fenced" time="0.002" /><testcase classname="tests.test_hf_target" name="test_chat_forwards_full_history" time="0.001" /><testcase classname="tests.test_hf_target" name="test_chat_transcript_fallback_includes_all_roles" time="0.002" /><testcase classname="tests.test_hf_target" name="test_device_moves_model" time="0.002" /><testcase classname="tests.test_hf_target" name="test_missing_dependency" time="0.002" /><testcase classname="tests.test_hf_target" name="test_load_failure_is_captured" time="0.002" /><testcase classname="tests.test_hf_target" name="test_generation_failure_is_captured" time="0.002" /><testcase classname="tests.test_hf_target" name="test_empty_reply_is_not_an_error" time="0.003" /><testcase classname="tests.test_hf_target" name="test_missing_dependency_error_type" time="0.001" /><testcase classname="tests.test_http_target" name="test_render_template_substitutes_nested_placeholders" time="0.001" /><testcase classname="tests.test_http_target" name="test_render_template_drops_sole_placeholder_when_none" time="0.001" /><testcase classname="tests.test_http_target" name="test_render_template_inline_none_becomes_empty" time="0.001" /><testcase classname="tests.test_http_target" name="test_render_template_preserves_json_unsafe_values" time="0.001" /><testcase classname="tests.test_http_target" name="test_render_template_does_not_reexpand_substituted_values" time="0.001" /><testcase classname="tests.test_http_target" name="test_render_template_does_not_mutate_input" time="0.001" /><testcase classname="tests.test_http_target" name="test_render_template_passes_scalars_through" time="0.001" /><testcase classname="tests.test_http_target" name="test_extract_path_dot_and_index" time="0.001" /><testcase classname="tests.test_http_target" name="test_extract_path_missing_key_raises_keyerror" time="0.001" /><testcase classname="tests.test_http_target" name="test_extract_path_index_out_of_range_raises_keyerror" time="0.001" /><testcase classname="tests.test_http_target" name="test_extract_path_descend_into_scalar_raises_keyerror" time="0.001" /><testcase classname="tests.test_http_target" name="test_requires_url" time="0.001" /><testcase classname="tests.test_http_target" name="test_name_defaults_to_url" time="0.001" /><testcase classname="tests.test_http_target" name="test_send_openai_style_default_template_and_path" time="0.002" /><testcase classname="tests.test_http_target" name="test_send_default_system_used_when_attack_has_none" time="0.001" /><testcase classname="tests.test_http_target" name="test_send_custom_template_and_response_path" time="0.001" /><testcase classname="tests.test_http_target" name="test_send_anthropic_style_default_path" time="0.001" /><testcase classname="tests.test_http_target" name="test_send_non_string_reply_is_json_encoded" time="0.001" /><testcase classname="tests.test_http_target" name="test_send_transport_error_returns_error" time="0.001" /><testcase classname="tests.test_http_target" name="test_send_non_2xx_returns_error" time="0.002" /><testcase classname="tests.test_http_target" name="test_send_invalid_json_returns_error" time="0.001" /><testcase classname="tests.test_http_target" name="test_send_unresolved_response_path_returns_error" time="0.001" /><testcase classname="tests.test_http_target" name="test_send_default_paths_exhausted_returns_error" time="0.001" /><testcase classname="tests.test_http_target" name="test_send_missing_httpx_returns_friendly_error" time="0.001" /><testcase classname="tests.test_http_target" name="test_client_is_cached_and_closed" time="0.001" /><testcase classname="tests.test_http_target" name="test_context_manager_closes" time="0.001" /><testcase classname="tests.test_http_target" name="test_implements_target_protocol" time="0.001" /><testcase classname="tests.test_indirect" name="test_every_channel_has_a_carrier" time="0.001" /><testcase classname="tests.test_indirect" name="test_list_carriers_sorted_and_filterable" time="0.001" /><testcase classname="tests.test_indirect" name="test_get_carrier_unknown_raises_with_listing" time="0.001" /><testcase classname="tests.test_indirect" name="test_carrier_wrap_embeds_payload" time="0.001" /><testcase classname="tests.test_indirect" name="test_json_carriers_emit_valid_json" time="0.001" /><testcase classname="tests.test_indirect" name="test_plant_builds_indirect_attack_with_poisoned_context" time="0.001" /><testcase classname="tests.test_indirect" name="test_plant_accepts_carrier_object_and_overrides" time="0.001" /><testcase classname="tests.test_indirect" name="test_plant_default_task_is_innocent" time="0.001" /><testcase classname="tests.test_indirect" name="test_plant_render_substitutes_canary_in_context_path" time="0.001" /><testcase classname="tests.test_indirect" name="test_synthesize_one_attack_per_carrier" time="0.001" /><testcase classname="tests.test_indirect" name="test_synthesize_channel_filter" time="0.001" /><testcase classname="tests.test_indirect" name="test_synthesize_custom_payload_preserves_canary" time="0.001" /><testcase classname="tests.test_indirect" name="test_indirect_attacks_from_corpus_loads_family" time="0.020" /><testcase classname="tests.test_indirect" name="test_harness_vulnerable_target_finds_injections" time="0.002" /><testcase classname="tests.test_indirect" name="test_harness_clean_target_no_findings" time="0.020" /><testcase classname="tests.test_indirect" name="test_harness_build_attacks_dedups_and_combines" time="0.298" /><testcase classname="tests.test_indirect" name="test_harness_run_explicit_attacks" time="0.002" /><testcase classname="tests.test_indirect" name="test_harness_channel_filter" time="0.002" /><testcase classname="tests.test_indirect" name="test_harness_agent_target_detects_reflected_canary" time="0.002" /><testcase classname="tests.test_indirect" name="test_harness_agent_target_non_vulnerable_passes" time="0.002" /><testcase classname="tests.test_indirect" name="test_harness_custom_detector_used" time="0.002" /><testcase classname="tests.test_judge" name="test_implements_detector_protocol" time="0.002" /><testcase classname="tests.test_judge" name="test_construction_does_no_network_and_needs_no_key" time="0.001" /><testcase classname="tests.test_judge" name="test_evaluate_success_maps_to_success_verdict" time="0.001" /><testcase classname="tests.test_judge" name="test_evaluate_defended_maps_to_nonsuccess" time="0.001" /><testcase classname="tests.test_judge" name="test_parse_called_with_expected_args" time="0.001" /><testcase classname="tests.test_judge" name="test_judge_system_prompt_is_hardened" time="0.001" /><testcase classname="tests.test_judge" name="test_adapter_refusal_short_circuits_without_calling_judge" time="0.001" /><testcase classname="tests.test_judge" name="test_adapter_error_short_circuits_without_calling_judge" time="0.001" /><testcase classname="tests.test_judge" name="test_judge_refusal_stop_reason_yields_nonsuccess" time="0.001" /><testcase classname="tests.test_judge" name="test_none_parsed_output_yields_nonsuccess" time="0.001" /><testcase classname="tests.test_judge" name="test_api_exception_yields_nonsuccess_not_raise" time="0.001" /><testcase classname="tests.test_judge" name="test_confidence_is_clamped" time="0.001" /><testcase classname="tests.test_judge" name="test_missing_sdk_raises_friendly_error" time="0.001" /><testcase classname="tests.test_judge" name="test_missing_api_key_raises_friendly_error" time="0.001" /><testcase classname="tests.test_judge" name="test_explicit_api_key_used_when_no_env" time="0.001" /><testcase classname="tests.test_judge" name="test_injected_client_skips_sdk_and_key" time="0.001" /><testcase classname="tests.test_judge_layer" name="test_at_least_two_distinct_judges_resolvable" time="0.001" /><testcase classname="tests.test_judge_layer" name="test_judge_resolves_by_id[clean_cls-CleanClassifierJudge]" time="0.272" /><testcase classname="tests.test_judge_layer" name="test_judge_resolves_by_id[substring-SubstringJudge]" time="0.002" /><testcase classname="tests.test_judge_layer" name="test_judge_resolves_by_id[strongreject-StrongRejectJudge]" time="0.001" /><testcase classname="tests.test_judge_layer" name="test_judge_resolves_by_id[canary-CanaryJudge]" time="0.001" /><testcase classname="tests.test_judge_layer" name="test_judge_resolves_by_id[harmbench_cls-HarmBenchClassifierJudge]" time="0.001" /><testcase classname="tests.test_judge_layer" name="test_judge_resolves_by_id[llama_guard-LlamaGuardJudge]" time="0.001" /><testcase classname="tests.test_judge_layer" name="test_judge_verdict_shape" time="0.270" /><testcase classname="tests.test_judge_layer" name="test_clean_cls_clears_calibration_floor" time="0.266" /><testcase classname="tests.test_judge_layer" name="test_assert_calibrated_passes_for_default_judge" time="0.261" /><testcase classname="tests.test_judge_layer" name="test_assert_calibrated_prompt_hash_drift_fails" time="0.258" /><testcase classname="tests.test_judge_layer" name="test_assert_calibrated_matches_documented_hash" time="0.254" /><testcase classname="tests.test_judge_layer" name="test_cohen_kappa_basic" time="0.001" /><testcase classname="tests.test_judge_layer" name="test_a_failing_judge_trips_the_gate" time="0.270" /><testcase classname="tests.test_judge_layer" name="test_three_signals_reported_separately" time="0.247" /><testcase classname="tests.test_judge_layer" name="test_substring_asr_geq_judge_asr" time="0.257" /><testcase classname="tests.test_judge_layer" name="test_canary_judge_benign_marker" time="0.001" /><testcase classname="tests.test_judge_layer" name="test_strongreject_refusal_zeroes_score" time="0.001" /><testcase classname="tests.test_judge_layer" name="test_strongreject_theta_is_reporting_choice_not_metric" time="0.001" /><testcase classname="tests.test_judge_layer" name="test_only_mit_judges_are_bundled" time="0.238" /><testcase classname="tests.test_judge_layer" name="test_gated_judges_not_bundled_and_carry_nonpermissive_license" time="0.001" /><testcase classname="tests.test_judge_layer" name="test_gated_loaders_do_not_touch_network_on_construction" time="0.001" /><testcase classname="tests.test_judge_layer" name="test_gated_loader_errors_gracefully_without_transformers" time="0.001" /><testcase classname="tests.test_judge_layer" name="test_judges_md_exists_and_documents_each_judge" time="0.001" /><testcase classname="tests.test_judge_layer" name="test_judges_md_license_assertions_match_code" time="0.242" /><testcase classname="tests.test_judge_layer" name="test_judges_md_records_calibration_floor" time="0.002" /><testcase classname="tests.test_multiturn_crescendo_reply" name="test_is_attack_strategy_subclass_of_crescendo[crescendo_reply]" time="0.001" /><testcase classname="tests.test_multiturn_crescendo_reply" name="test_is_attack_strategy_subclass_of_crescendo[crescendo_decompose]" time="0.001" /><testcase classname="tests.test_multiturn_crescendo_reply" name="test_names_are_frozen" time="0.001" /><testcase classname="tests.test_multiturn_crescendo_reply" name="test_registry_includes_new_strategies" time="0.001" /><testcase classname="tests.test_multiturn_crescendo_reply" name="test_next_turn_first_call_has_no_reply_to_quote[crescendo_reply]" time="0.001" /><testcase classname="tests.test_multiturn_crescendo_reply" name="test_next_turn_first_call_has_no_reply_to_quote[crescendo_decompose]" time="0.001" /><testcase classname="tests.test_multiturn_crescendo_reply" name="test_next_turn_quotes_latest_assistant_reply[crescendo_reply]" time="0.001" /><testcase classname="tests.test_multiturn_crescendo_reply" name="test_next_turn_quotes_latest_assistant_reply[crescendo_decompose]" time="0.001" /><testcase classname="tests.test_multiturn_crescendo_reply" name="test_next_turn_excerpt_is_bounded[crescendo_reply]" time="0.001" /><testcase classname="tests.test_multiturn_crescendo_reply" name="test_next_turn_excerpt_is_bounded[crescendo_decompose]" time="0.001" /><testcase classname="tests.test_multiturn_crescendo_reply" name="test_next_turn_uses_most_recent_assistant_reply[crescendo_reply]" time="0.001" /><testcase classname="tests.test_multiturn_crescendo_reply" name="test_next_turn_uses_most_recent_assistant_reply[crescendo_decompose]" time="0.001" /><testcase classname="tests.test_multiturn_crescendo_reply" name="test_next_turn_is_deterministic[crescendo_reply]" time="0.001" /><testcase classname="tests.test_multiturn_crescendo_reply" name="test_next_turn_is_deterministic[crescendo_decompose]" time="0.001" /><testcase classname="tests.test_multiturn_crescendo_reply" name="test_final_step_is_scored_user_turn_with_marker[crescendo_reply]" time="0.001" /><testcase classname="tests.test_multiturn_crescendo_reply" name="test_final_step_is_scored_user_turn_with_marker[crescendo_decompose]" time="0.001" /><testcase classname="tests.test_multiturn_crescendo_reply" name="test_final_step_without_history_still_carries_marker[crescendo_reply]" time="0.001" /><testcase classname="tests.test_multiturn_crescendo_reply" name="test_final_step_without_history_still_carries_marker[crescendo_decompose]" time="0.001" /><testcase classname="tests.test_multiturn_crescendo_reply" name="test_final_step_references_prior_reply_when_present[crescendo_reply]" time="0.001" /><testcase classname="tests.test_multiturn_crescendo_reply" name="test_final_step_references_prior_reply_when_present[crescendo_decompose]" time="0.001" /><testcase classname="tests.test_multiturn_crescendo_reply" name="test_drive_loop_lead_ins_never_leak_canary[crescendo_reply]" time="0.001" /><testcase classname="tests.test_multiturn_crescendo_reply" name="test_drive_loop_lead_ins_never_leak_canary[crescendo_decompose]" time="0.001" /><testcase classname="tests.test_multiturn_crescendo_reply" name="test_drive_loop_scores_marker_against_vulnerable_target[crescendo_reply]" time="0.001" /><
[...]
lassname="tests.test_v2_scaffold" name="test_compute_asr_handles_zero_attempts" time="0.001" /><testcase classname="tests.test_v2_scaffold" name="test_asr_cell_from_results_excludes_errored" time="0.001" /><testcase classname="tests.test_v2_scaffold" name="test_benchmark_result_rollups_and_defense_delta" time="0.001" /><testcase classname="tests.test_v2_scaffold" name="test_require_acknowledgment_blocks_without_optin" time="0.001" /><testcase classname="tests.test_v2_scaffold" name="test_require_acknowledgment_passes_with_flag" time="0.001" /><testcase classname="tests.test_v2_scaffold" name="test_require_acknowledgment_passes_with_env" time="0.001" /><testcase classname="tests.test_v2_scaffold" name="test_dataset_references_are_pointers_only" time="0.001" /><testcase classname="tests.test_v2_scaffold" name="test_research_loader_protocol_shape" time="0.004" /><testcase classname="tests.test_v3_scaffold" name="test_cipher_transform_names_and_stable_keys" time="0.001" /><testcase classname="tests.test_v3_scaffold" name="test_cipher_transforms_construct_without_heavy_deps" time="0.001" /><testcase classname="tests.test_v3_scaffold" name="test_cipher_apply_implemented_and_marker_recoverable" time="0.002" /><testcase classname="tests.test_v3_scaffold" name="test_register_builtin_ciphers_is_idempotent" time="0.001" /><testcase classname="tests.test_v3_scaffold" name="test_translate_keys_and_protocol" time="0.001" /><testcase classname="tests.test_v3_scaffold" name="test_stub_translator_satisfies_protocol" time="0.001" /><testcase classname="tests.test_v3_scaffold" name="test_translate_transform_accepts_injected_translator" time="0.001" /><testcase classname="tests.test_v3_scaffold" name="test_argos_translator_lazy_dep_friendly_error" time="0.001" /><testcase classname="tests.test_v3_scaffold" name="test_response_class_values_and_success_bridge" time="0.001" /><testcase classname="tests.test_v3_scaffold" name="test_length_stop_reasons_cover_adapter_conventions" time="0.001" /><testcase classname="tests.test_v3_scaffold" name="test_classify_response_marker_is_full" time="0.001" /><testcase classname="tests.test_v3_scaffold" name="test_named_attackers_declared_with_kinds_and_docs" time="0.001" /><testcase classname="tests.test_v3_scaffold" name="test_default_registry_lists_all_five_but_none_available" time="0.001" /><testcase classname="tests.test_v3_scaffold" name="test_registry_register_marks_available_and_builds" time="0.001" /><testcase classname="tests.test_v3_scaffold" name="test_register_unknown_attacker_raises" time="0.001" /><testcase classname="tests.test_v3_scaffold" name="test_register_attacker_on_default_registry_then_resolve" time="0.001" /><testcase classname="tests.test_v3_scaffold" name="test_stub_whitebox_model_satisfies_protocol" time="0.001" /><testcase classname="tests.test_v3_scaffold" name="test_gcg_config_defaults_are_benign_and_small" time="0.001" /><testcase classname="tests.test_v3_scaffold" name="test_gcg_attacker_satisfies_protocol_and_budget" time="0.001" /><testcase classname="tests.test_v3_scaffold" name="test_gcg_attacker_rejects_zero_steps" time="0.001" /><testcase classname="tests.test_v3_scaffold" name="test_gcg_run_and_optimize_are_frozen_todo" time="0.001" /><testcase classname="tests.test_v3_scaffold" name="test_import_torch_transformers_friendly_error" time="0.001" /><testcase classname="tests.test_v3_scaffold" name="test_gcg_step_record_shape" time="0.001" /><testcase classname="tests.test_v3_scaffold" name="test_crescendo_reply_strategy_registered_and_extends_base" time="0.001" /><testcase classname="tests.test_v3_scaffold" name="test_crescendo_reply_static_build_still_works" time="0.001" /><testcase classname="tests.test_v3_scaffold" name="test_crescendo_reply_hooks_are_implemented" time="0.001" /><testcase classname="tests.test_web_gui" name="test_form_lists_new_local_model_targets" time="0.003" /><testcase classname="tests.test_web_gui" name="test_form_has_mode_selector_with_scan_and_benchmark" time="0.002" /><testcase classname="tests.test_web_gui" name="test_form_renders_mutate_defense_multiturn_adaptive_controls" time="0.002" /><testcase classname="tests.test_web_gui" name="test_form_renders_gated_research_block_with_disclaimer" time="0.002" /><testcase classname="tests.test_web_gui" name="test_run_scan_default_mock_target_offline" time="0.095" /><testcase classname="tests.test_web_gui" name="test_run_scan_applies_transforms_and_defense" time="0.079" /><testcase classname="tests.test_web_gui" name="test_run_scan_unknown_transform_name_is_skipped" time="0.087" /><testcase classname="tests.test_web_gui" name="test_run_scan_applies_multiturn_strategy" time="0.084" /><testcase classname="tests.test_web_gui" name="test_run_scan_multiturn_unticked_is_ignored" time="0.001" /><testcase classname="tests.test_web_gui" name="test_run_scan_unknown_multiturn_strategy_degrades_to_single_shot" time="0.080" /><testcase classname="tests.test_web_gui" name="test_handle_submit_scan_returns_report_html" time="0.099" /><testcase classname="tests.test_web_gui" name="test_run_benchmark_offline_produces_scorecard" time="0.077" /><testcase classname="tests.test_web_gui" name="test_run_benchmark_with_defense_adds_a_defense_axis" time="0.078" /><testcase classname="tests.test_web_gui" name="test_handle_submit_benchmark_renders_scorecard_html" time="0.086" /><testcase classname="tests.test_web_gui" name="test_benchmark_results_page_renders_grade" time="0.088" /><testcase classname="tests.test_web_gui" name="test_research_benchmark_refuses_without_acknowledgment" time="0.001" /><testcase classname="tests.test_web_gui" name="test_research_benchmark_runs_when_acknowledged_with_stub_loader" time="0.084" /><testcase classname="tests.test_web_gui" name="test_handle_submit_routes_acknowledged_research_to_scorecard" time="0.080" /><testcase classname="tests.test_web_gui" name="test_handle_submit_research_without_ack_shows_error_page_not_crash" time="0.076" /><testcase classname="tests.test_web_gui" name="test_handle_submit_never_raises_on_bad_target" time="0.073" /><testcase classname="tests.test_web_gui" name="test_form_parsing_helpers" time="0.001" /><testcase classname="tests.test_web_gui_v3" name="test_form_lists_v3_cipher_and_art_transforms" time="0.002" /><testcase classname="tests.test_web_gui_v3" name="test_form_lists_translate_transform" time="0.001" /><testcase classname="tests.test_web_gui_v3" name="test_list_transforms_registers_v3_transforms" time="0.001" /><testcase classname="tests.test_web_gui_v3" name="test_translate_shows_dep_note_when_argostranslate_absent" time="0.001" /><testcase classname="tests.test_web_gui_v3" name="test_translate_has_no_dep_note_when_dependency_present" time="0.001" /><testcase classname="tests.test_web_gui_v3" name="test_form_lists_named_attackers" time="0.002" /><testcase classname="tests.test_web_gui_v3" name="test_gcg_flagged_when_torch_missing" time="0.001" /><testcase classname="tests.test_web_gui_v3" name="test_list_attackers_marks_gcg_runnable_by_dep" time="0.001" /><testcase classname="tests.test_web_gui_v3" name="test_scan_results_page_renders_5class_breakdown" time="0.074" /><testcase classname="tests.test_web_gui_v3" name="test_response_class_counts_full_equals_vulnerable_count" time="0.074" /><testcase classname="tests.test_web_gui_v3" name="test_response_class_counts_covers_all_five_keys" time="0.071" /><testcase classname="tests.test_web_gui_v3" name="test_response_class_counts_degrades_to_empty_without_seam" time="0.074" /><testcase classname="tests.test_web_gui_v3" name="test_results_page_renders_without_breakdown_when_seam_missing" time="0.073" /><testcase classname="tests.test_web_gui_v3" name="test_dep_available_true_for_stdlib_false_for_missing" time="0.002" /><testcase classname="tests.test_web_gui_v3" name="test_register_v3_transforms_is_idempotent" time="0.001" /><testcase classname="tests.test_web_gui_v3" name="test_handle_submit_scan_still_returns_report_html" time="0.079" /><testcase classname="tests.test_whitebox_attack_abc" name="test_attack_config_defaults_and_frozen" time="0.002" /><testcase classname="tests.test_whitebox_attack_abc" name="test_attack_config_validates_bounds" time="0.001" /><testcase classname="tests.test_whitebox_attack_abc" name="test_gcg_config_extends_base_and_projects_to_legacy" time="0.001" /><testcase classname="tests.test_whitebox_attack_abc" name="test_attack_abc_cannot_instantiate_without_run" time="0.001" /><testcase classname="tests.test_whitebox_attack_abc" name="test_attack_supported_arch_default_is_dense" time="0.001" /><testcase classname="tests.test_whitebox_attack_abc" name="test_check_arch_accepts_supported_and_refuses_unsupported" time="0.001" /><testcase classname="tests.test_whitebox_attack_abc" name="test_run_accepts_optional_defense_arg" time="0.003" /><testcase classname="tests.test_whitebox_attack_abc" name="test_gcg_registered_by_name" time="0.001" /><testcase classname="tests.test_whitebox_attack_abc" name="test_get_attack_returns_fresh_instances" time="0.001" /><testcase classname="tests.test_whitebox_attack_abc" name="test_unknown_attack_raises_keyerror" time="0.001" /><testcase classname="tests.test_whitebox_attack_abc" name="test_register_decorator_sets_name_and_registers" time="0.001" /><testcase classname="tests.test_whitebox_attack_abc" name="test_register_rejects_duplicate_without_override" time="0.001" /><testcase classname="tests.test_whitebox_attack_abc" name="test_register_rejects_non_attack" time="0.001" /><testcase classname="tests.test_whitebox_attack_abc" name="test_register_decorator_assigns_class_name" time="0.001" /><testcase classname="tests.test_whitebox_attack_abc" name="test_gcg_runs_through_attack_contract" time="0.004" /><testcase classname="tests.test_whitebox_attack_abc" name="test_gcg_honours_max_steps_budget" time="0.003" /><testcase classname="tests.test_whitebox_attack_abc" name="test_gcg_functional_entrypoint" time="0.003" /><testcase classname="tests.test_whitebox_attack_abc" name="test_gcg_run_coerces_base_config" time="0.003" /><testcase classname="tests.test_whitebox_gcg" name="test_attacker_satisfies_protocol" time="0.001" /><testcase classname="tests.test_whitebox_gcg" name="test_default_init_suffix_is_benign" time="0.001" /><testcase classname="tests.test_whitebox_gcg" name="test_max_steps_must_be_at_least_one" time="0.002" /><testcase classname="tests.test_whitebox_gcg" name="test_config_init_suffix_overrides_constructor" time="0.001" /><testcase classname="tests.test_whitebox_gcg" name="test_optimize_suffix_single_step" time="0.002" /><testcase classname="tests.test_whitebox_gcg" name="test_optimize_suffix_honours_step_budget" time="0.002" /><testcase classname="tests.test_whitebox_gcg" name="test_optimize_suffix_is_deterministic" time="0.003" /><testcase classname="tests.test_whitebox_gcg" name="test_run_succeeds_against_vulnerable_target" time="0.002" /><testcase classname="tests.test_whitebox_gcg" name="test_run_against_clean_target_is_non_success" time="0.003" /><testcase classname="tests.test_whitebox_gcg" name="test_run_against_conversational_target" time="0.002" /><testcase classname="tests.test_whitebox_gcg" name="test_run_rounds_used_matches_steps" time="0.002" /><testcase classname="tests.test_whitebox_gcg" name="test_run_appends_optimised_suffix" time="0.002" /><testcase classname="tests.test_whitebox_gcg" name="test_run_target_string_objective_is_benign" time="0.002" /><testcase classname="tests.test_whitebox_gcg" name="test_run_target_fault_is_captured_not_raised" time="0.002" /><testcase classname="tests.test_whitebox_gcg" name="test_gcg_registered_and_available" time="0.002" /><testcase classname="tests.test_whitebox_gcg" name="test_make_gcg_attacker_requires_white_box_model" time="0.001" /><testcase classname="tests.test_whitebox_gcg" name="test_factory_builds_via_registry" time="0.002" /><testcase classname="tests.test_whitebox_gcg" name="test_factory_forwards_options" time="0.001" /><testcase classname="tests.test_whitebox_gcg" name="test_amplegcg_loader_gated_without_ack" time="0.001" /><testcase classname="tests.test_whitebox_gcg" name="test_amplegcg_loader_with_ack_returns_no_bundled_artifact" time="0.001" /><testcase classname="tests.test_whitebox_gcg" name="test_amplegcg_loader_honours_env_ack" time="0.001" /><testcase classname="tests.test_whitebox_gcg_hard" name="test_slice_location_recovers_optim_span_all_families[gemma]" time="0.008" /><testcase classname="tests.test_whitebox_gcg_hard" name="test_slice_location_recovers_optim_span_all_families[llama-3]" time="0.004" /><testcase classname="tests.test_whitebox_gcg_hard" name="test_slice_location_recovers_optim_span_all_families[mistral]" time="0.004" /><testcase classname="tests.test_whitebox_gcg_hard" name="test_slice_location_recovers_optim_span_all_families[phi]" time="0.006" /><testcase classname="tests.test_whitebox_gcg_hard" name="test_slice_location_recovers_optim_span_all_families[qwen]" time="0.004" /><testcase classname="tests.test_whitebox_gcg_hard" name="test_slice_optim_sits_before_generation_prompt[gemma]" time="0.002" /><testcase classname="tests.test_whitebox_gcg_hard" name="test_slice_optim_sits_before_generation_prompt[llama-3]" time="0.002" /><testcase classname="tests.test_whitebox_gcg_hard" name="test_slice_optim_sits_before_generation_prompt[mistral]" time="0.002" /><testcase classname="tests.test_whitebox_gcg_hard" name="test_slice_optim_sits_before_generation_prompt[phi]" time="0.002" /><testcase classname="tests.test_whitebox_gcg_hard" name="test_slice_optim_sits_before_generation_prompt[qwen]" time="0.001" /><testcase classname="tests.test_whitebox_gcg_hard" name="test_slice_location_is_template_specific_not_hardcoded" time="0.003" /><testcase classname="tests.test_whitebox_gcg_hard" name="test_slice_location_with_seam_tokenizer_offline" time="0.001" /><testcase classname="tests.test_whitebox_gcg_hard" name="test_slice_handles_literal_optim_already_in_prompt" time="0.001" /><testcase classname="tests.test_whitebox_gcg_hard" name="test_round_trips_true_for_clean_ids" time="0.001" /><testcase classname="tests.test_whitebox_gcg_hard" name="test_filter_ids_drops_non_round_tripping_rows" time="0.001" /><testcase classname="tests.test_whitebox_gcg_hard" name="test_filter_ids_keeps_all_when_no_decode_available" time="0.001" /><testcase classname="tests.test_whitebox_gcg_hard" name="test_filter_ids_accepts_tensor_like_rows" time="0.001" /><testcase classname="tests.test_whitebox_gcg_hard" name="test_sample_candidates_shape_and_determinism" time="0.002" /><testcase classname="tests.test_whitebox_gcg_hard" name="test_sample_candidates_respects_not_allowed_ids" time="0.001" /><testcase classname="tests.test_whitebox_gcg_hard" name="test_attack_buffer_keeps_lowest_loss" time="0.001" /><testcase classname="tests.test_whitebox_gcg_hard" name="test_attack_buffer_size_zero_keeps_single_best" time="0.001" /><testcase classname="tests.test_whitebox_gcg_hard" name="test_attack_buffer_empty_is_none" time="0.001" /><testcase classname="tests.test_whitebox_gcg_hard" name="test_probe_sampling_off_by_default" time="0.001" /><testcase classname="tests.test_whitebox_gcg_hard" name="test_pareto_frontier_drops_dominated" time="0.001" /><testcase classname="tests.test_whitebox_gcg_hard" name="test_select_advprefix_picks_frontier_top" time="0.001" /><testcase classname="tests.test_whitebox_gcg_hard" name="test_select_advprefix_falls_back_to_baseline_when_all_filtered" time="0.001" /><testcase classname="tests.test_whitebox_gcg_hard" name="test_advprefix_returns_distinct_per_model" time="0.001" /><testcase classname="tests.test_whitebox_gcg_hard" name="test_advprefix_baseline_is_documented_fixed_string" time="0.001" /><testcase classname="tests.test_whitebox_gcg_hard" name="test_candidate_pool_includes_baseline" time="0.002" /><testcase classname="tests.test_whitebox_golden_loss" name="test_golden_loss_within_5pct[EleutherAI/pythia-160m]" time="2.072" /><testcase classname="tests.test_whitebox_golden_loss" name="test_golden_loss_within_5pct[gpt2]" time="1.792" /><testcase classname="tests.test_whitebox_golden_loss" name="test_onehot_gradient_matches_autograd_reference[EleutherAI/pythia-160m]" time="1.531" /><testcase classname="tests.test_whitebox_golden_loss" name="test_onehot_gradient_matches_autograd_reference[gpt2]" time="1.884" /><testcase classname="tests.test_whitebox_golden_loss" name="test_golden_loss_smoke_set_is_finite" time="1.936" /><testcase classname="tests.test_whitebox_zoo" name="test_zoo_yaml_parses_and_lists_expected_models" time="0.007" /><testcase classname="tests.test_whitebox_zoo" name="test_at_least_five_dense_models" time="0.001" /><testcase classname="tests.test_whitebox_zoo" name="test_dense_models_support_gcg" time="0.001" /><testcase classname="tests.test_whitebox_zoo" name="test_moe_entry_is_prefill_only" time="0.001" /><testcase classname="tests.test_whitebox_zoo" name="test_every_revision_is_a_full_immutable_sha" time="0.001" /><testcase classname="tests.test_whitebox_zoo" name="test_stamp_records_repo_revision_and_quant" time="0.001" /><testcase classname="tests.test_whitebox_zoo" name="test_normalize_dtype_aliases[fp16-fp16]" time="0.001" /><testcase classname="tests.test_whitebox_zoo" name="test_normalize_dtype_aliases[float16-fp16]" time="0.001" /><testcase classname="tests.test_whitebox_zoo" name="test_normalize_dtype_aliases[HALF-fp16]" time="0.001" /><testcase classname="tests.test_whitebox_zoo" name="test_normalize_dtype_aliases[8bit-8bit]" time="0.001" /><testcase classname="tests.test_whitebox_zoo" name="test_normalize_dtype_aliases[int8-8bit]" time="0.001" /><testcase classname="tests.test_whitebox_zoo" name="test_normalize_dtype_aliases[4bit-4bit]" time="0.002" /><testcase classname="tests.test_whitebox_zoo" name="test_normalize_dtype_aliases[nf4-4bit]" time="0.001" /><testcase classname="tests.test_whitebox_zoo" name="test_normalize_dtype_aliases[int4-4bit]" time="0.001" /><testcase classname="tests.test_whitebox_zoo" name="test_normalize_dtype_rejects_unknown" time="0.001" /><testcase classname="tests.test_whitebox_zoo" name="test_branch_revision_is_rejected" time="0.011" /><testcase classname="tests.test_whitebox_zoo" name="test_bad_arch_is_rejected" time="0.010" /><testcase classname="tests.test_whitebox_zoo" name="test_unknown_schema_version_rejected" time="0.008" /><testcase classname="tests.test_whitebox_zoo" name="test_unknown_model_name_raises" time="0.001" /><testcase classname="tests.test_whitebox_zoo" name="test_check_attack_supported_allows_dense_gcg" time="0.001" /><testcase classname="tests.test_whitebox_zoo" name="test_check_attack_supported_refuses_gcg_on_moe" time="0.001" /><testcase classname="tests.test_whitebox_zoo" name="test_check_attack_supported_refuses_unlisted_attack" time="0.001" /><testcase classname="tests.test_whitebox_zoo" name="test_load_by_revision_returns_four_tuple_and_pins_revision" time="0.001" /><testcase classname="tests.test_whitebox_zoo" name="test_load_by_revision_4bit_builds_bnb_config" time="0.001" /><testcase classname="tests.test_whitebox_zoo" name="test_load_by_revision_8bit_builds_bnb_config" time="0.001" /><testcase classname="tests.test_whitebox_zoo" name="test_load_model_returns_stamp_with_revision_and_quant" time="0.001" /><testcase classname="tests.test_whitebox_zoo" name="test_load_by_revision_uses_torch_dtype_on_transformers_4x" time="0.001" /><testcase classname="tests.test_whitebox_zoo" name="test_load_bad_dtype_raises" time="0.001" /><testcase classname="tests.test_whitebox_zoo" name="test_import_hf_missing_dep_raises_zoo_error" time="0.001" /><testcase classname="tests.test_whitebox_zoo" name="test_real_tiny_cpu_load" time="0.001"><skipped type="pytest.skip" message="live tiny-model download; set INJECTKIT_ZOO_LIVE=1 to run">C:\Users\dukot\injectkit\tests\test_whitebox_zoo.py:336: live tiny-model download; set INJECTKIT_ZOO_LIVE=1 to run</skipped></testcase></testsuite></testsuites>